2021-07-03 21:31:49,719 INFO o.a.j.u.JMeterUtils: Setting Locale to en_EN
2021-07-03 21:31:49,734 INFO o.a.j.JMeter: Loading user properties from: C:\Jmeter\bin\user.properties
2021-07-03 21:31:49,734 INFO o.a.j.JMeter: Loading system properties from: C:\Jmeter\bin\system.properties
2021-07-03 21:31:49,739 INFO o.a.j.JMeter: Copyright (c) 1998-2021 The Apache Software Foundation
2021-07-03 21:31:49,739 INFO o.a.j.JMeter: Version 5.4.1
2021-07-03 21:31:49,739 INFO o.a.j.JMeter: java.version=1.8.0_291
2021-07-03 21:31:49,739 INFO o.a.j.JMeter: java.vm.name=Java HotSpot(TM) Client VM
2021-07-03 21:31:49,739 INFO o.a.j.JMeter: os.name=Windows 10
2021-07-03 21:31:49,739 INFO o.a.j.JMeter: os.arch=x86
2021-07-03 21:31:49,739 INFO o.a.j.JMeter: os.version=10.0
2021-07-03 21:31:49,739 INFO o.a.j.JMeter: file.encoding=Cp1252
2021-07-03 21:31:49,739 INFO o.a.j.JMeter: java.awt.headless=true
2021-07-03 21:31:49,739 INFO o.a.j.JMeter: Max memory     =1073741824
2021-07-03 21:31:49,739 INFO o.a.j.JMeter: Available Processors =4
2021-07-03 21:31:49,749 INFO o.a.j.JMeter: Default Locale=English (EN)
2021-07-03 21:31:49,749 INFO o.a.j.JMeter: JMeter  Locale=English (EN)
2021-07-03 21:31:49,749 INFO o.a.j.JMeter: JMeterHome=C:\Jmeter
2021-07-03 21:31:49,749 INFO o.a.j.JMeter: user.dir  =C:\Jmeter\aulas de comandos
2021-07-03 21:31:49,749 INFO o.a.j.JMeter: PWD       =C:\Jmeter\aulas de comandos
2021-07-03 21:31:49,749 INFO o.a.j.JMeter: IP: 192.168.100.57 Name: Igor-Silva FullName: Igor-Silva
2021-07-03 21:31:49,749 INFO o.a.j.JMeter: Setting property 'jmeter.reportgenerator.outputdir' to:'C:\Jmeter\aulas de comandos\nossaDash'
2021-07-03 21:31:49,749 INFO o.a.j.s.FileServer: Default base='C:\Jmeter\aulas de comandos'
2021-07-03 21:31:49,749 INFO o.a.j.s.FileServer: Set new base='C:\Jmeter\aulas de comandos'
2021-07-03 21:31:49,879 INFO o.a.j.s.SaveService: Testplan (JMX) version: 2.2. Testlog (JTL) version: 2.2
2021-07-03 21:31:49,899 INFO o.a.j.s.SaveService: Using SaveService properties file encoding UTF-8
2021-07-03 21:31:49,904 INFO o.a.j.s.SaveService: Using SaveService properties version 5.0
2021-07-03 21:31:49,914 INFO o.a.j.s.SaveService: Loading file: Teste_Comandos.jmx
2021-07-03 21:31:49,974 INFO o.a.j.p.h.s.HTTPSamplerBase: Parser for text/html is org.apache.jmeter.protocol.http.parser.LagartoBasedHtmlParser
2021-07-03 21:31:49,974 INFO o.a.j.p.h.s.HTTPSamplerBase: Parser for application/xhtml+xml is org.apache.jmeter.protocol.http.parser.LagartoBasedHtmlParser
2021-07-03 21:31:49,974 INFO o.a.j.p.h.s.HTTPSamplerBase: Parser for application/xml is org.apache.jmeter.protocol.http.parser.LagartoBasedHtmlParser
2021-07-03 21:31:49,974 INFO o.a.j.p.h.s.HTTPSamplerBase: Parser for text/xml is org.apache.jmeter.protocol.http.parser.LagartoBasedHtmlParser
2021-07-03 21:31:49,974 INFO o.a.j.p.h.s.HTTPSamplerBase: Parser for text/vnd.wap.wml is org.apache.jmeter.protocol.http.parser.RegexpHTMLParser
2021-07-03 21:31:49,974 INFO o.a.j.p.h.s.HTTPSamplerBase: Parser for text/css is org.apache.jmeter.protocol.http.parser.CssParser
2021-07-03 21:31:49,999 INFO o.a.j.JMeter: Creating summariser <summary>
2021-07-03 21:31:49,999 INFO o.a.j.r.d.ReportGenerator: ReportGenerator will use for Parsing the separator: ','
2021-07-03 21:31:49,999 INFO o.a.j.r.d.ReportGenerator: Will generate report at end of test from  results file: resultado.jtl
2021-07-03 21:31:50,009 INFO o.a.j.r.d.ReportGenerator: Reading report generator properties from: C:\Jmeter\bin\reportgenerator.properties
2021-07-03 21:31:50,009 INFO o.a.j.r.d.ReportGenerator: Merging with JMeter properties
2021-07-03 21:31:50,009 INFO o.a.j.r.c.ReportGeneratorConfiguration: Property 'jmeter.reportgenerator.temp_dir' not found, using default value 'temp' instead.
2021-07-03 21:31:50,009 INFO o.a.j.r.c.ReportGeneratorConfiguration: Property 'jmeter.reportgenerator.apdex_per_transaction' not found, using default value 'null' instead.
2021-07-03 21:31:50,009 INFO o.a.j.r.c.ReportGeneratorConfiguration: apdex_per_transaction is empty, not APDEX per transaction customization
2021-07-03 21:31:50,009 INFO o.a.j.r.c.ReportGeneratorConfiguration: Property 'jmeter.reportgenerator.sample_filter' not found, using default value 'null' instead.
2021-07-03 21:31:50,009 INFO o.a.j.r.c.ReportGeneratorConfiguration: Property 'jmeter.reportgenerator.report_title' not found, using default value 'null' instead.
2021-07-03 21:31:50,009 INFO o.a.j.r.c.ReportGeneratorConfiguration: Property 'jmeter.reportgenerator.start_date' not found, using default value 'null' instead.
2021-07-03 21:31:50,009 INFO o.a.j.r.c.ReportGeneratorConfiguration: Property 'jmeter.reportgenerator.end_date' not found, using default value 'null' instead.
2021-07-03 21:31:50,009 INFO o.a.j.r.c.ReportGeneratorConfiguration: Property 'jmeter.reportgenerator.date_format' not found, using default value 'null' instead.
2021-07-03 21:31:50,009 INFO o.a.j.r.c.ReportGeneratorConfiguration: Will use date range start date: null, end date: null
2021-07-03 21:31:50,020 INFO o.a.j.r.c.ReportGeneratorConfiguration: Property 'jmeter.reportgenerator.graph.totalTPS.exclude_controllers' not found, using default value 'false' instead.
2021-07-03 21:31:50,020 INFO o.a.j.r.c.ReportGeneratorConfiguration: Property 'jmeter.reportgenerator.graph.activeThreadsOverTime.exclude_controllers' not found, using default value 'false' instead.
2021-07-03 21:31:50,020 INFO o.a.j.r.c.ReportGeneratorConfiguration: Property 'jmeter.reportgenerator.graph.timeVsThreads.exclude_controllers' not found, using default value 'false' instead.
2021-07-03 21:31:50,020 INFO o.a.j.r.c.ReportGeneratorConfiguration: Property 'jmeter.reportgenerator.graph.responseTimeDistribution.exclude_controllers' not found, using default value 'false' instead.
2021-07-03 21:31:50,020 INFO o.a.j.r.c.ReportGeneratorConfiguration: Property 'jmeter.reportgenerator.graph.transactionsPerSecond.exclude_controllers' not found, using default value 'false' instead.
2021-07-03 21:31:50,020 INFO o.a.j.r.c.ReportGeneratorConfiguration: Property 'jmeter.reportgenerator.graph.responseTimePercentiles.exclude_controllers' not found, using default value 'false' instead.
2021-07-03 21:31:50,020 INFO o.a.j.r.c.ReportGeneratorConfiguration: Property 'jmeter.reportgenerator.graph.responseTimePercentilesOverTime.exclude_controllers' not found, using default value 'false' instead.
2021-07-03 21:31:50,020 INFO o.a.j.r.c.ReportGeneratorConfiguration: Property 'jmeter.reportgenerator.graph.responseTimesOverTime.exclude_controllers' not found, using default value 'false' instead.
2021-07-03 21:31:50,020 INFO o.a.j.r.c.ReportGeneratorConfiguration: Property 'jmeter.reportgenerator.graph.connectTimeOverTime.exclude_controllers' not found, using default value 'false' instead.
2021-07-03 21:31:50,020 INFO o.a.j.r.c.ReportGeneratorConfiguration: Property 'jmeter.reportgenerator.graph.latenciesOverTime.exclude_controllers' not found, using default value 'false' instead.
2021-07-03 21:31:50,024 INFO o.a.j.r.c.ReportGeneratorConfiguration: Property 'jmeter.reportgenerator.exporter.json.filters_only_sample_series' not found, using default value 'true' instead.
2021-07-03 21:31:50,024 INFO o.a.j.r.c.ReportGeneratorConfiguration: Property 'jmeter.reportgenerator.exporter.json.series_filter' not found, using default value '' instead.
2021-07-03 21:31:50,024 INFO o.a.j.r.c.ReportGeneratorConfiguration: Property 'jmeter.reportgenerator.exporter.json.show_controllers_only' not found, using default value 'false' instead.
2021-07-03 21:31:50,024 INFO o.a.j.r.c.ReportGeneratorConfiguration: Property 'jmeter.reportgenerator.exporter.html.filters_only_sample_series' not found, using default value 'true' instead.
2021-07-03 21:31:50,024 INFO o.a.j.r.c.ReportGeneratorConfiguration: Property 'jmeter.reportgenerator.exporter.html.series_filter' not found, using default value '' instead.
2021-07-03 21:31:50,024 INFO o.a.j.r.c.ReportGeneratorConfiguration: Property 'jmeter.reportgenerator.exporter.html.show_controllers_only' not found, using default value 'false' instead.
2021-07-03 21:31:50,029 INFO o.a.j.e.StandardJMeterEngine: Running the test!
2021-07-03 21:31:50,049 INFO o.a.j.s.SampleEvent: List of sample_variables: []
2021-07-03 21:31:50,049 INFO o.a.j.s.SampleEvent: List of sample_variables: []
2021-07-03 21:31:50,064 INFO o.a.j.e.u.CompoundVariable: Note: Function class names must contain the string: '.functions.'
2021-07-03 21:31:50,064 INFO o.a.j.e.u.CompoundVariable: Note: Function class names must not contain the string: '.gui.'
2021-07-03 21:31:50,627 INFO o.a.j.JMeter: Running test (1625358710627)
2021-07-03 21:31:50,668 INFO o.a.j.e.StandardJMeterEngine: Starting ThreadGroup: 1 : Teste Comandos
2021-07-03 21:31:50,668 INFO o.a.j.e.StandardJMeterEngine: Starting 300 threads for group Teste Comandos.
2021-07-03 21:31:50,668 INFO o.a.j.e.StandardJMeterEngine: Thread will continue on error
2021-07-03 21:31:50,669 INFO o.a.j.t.ThreadGroup: Starting thread group... number=1 threads=300 ramp-up=1 delayedStart=false
2021-07-03 21:31:50,678 INFO o.a.j.t.JMeterThread: Thread started: Teste Comandos 1-2
2021-07-03 21:31:50,679 INFO o.a.j.t.JMeterThread: Thread started: Teste Comandos 1-1
2021-07-03 21:31:50,683 INFO o.a.j.t.JMeterThread: Thread started: Teste Comandos 1-3
2021-07-03 21:31:50,693 INFO o.a.j.t.JMeterThread: Thread started: Teste Comandos 1-4
2021-07-03 21:31:50,695 INFO o.a.j.t.JMeterThread: Thread started: Teste Comandos 1-5
2021-07-03 21:31:50,697 INFO o.a.j.t.JMeterThread: Thread started: Teste Comandos 1-6
2021-07-03 21:31:50,698 INFO o.a.j.t.JMeterThread: Thread started: Teste Comandos 1-7
2021-07-03 21:31:50,699 INFO o.a.j.t.JMeterThread: Thread started: Teste Comandos 1-8
2021-07-03 21:31:50,703 INFO o.a.j.t.JMeterThread: Thread started: Teste Comandos 1-9
2021-07-03 21:31:50,705 INFO o.a.j.t.JMeterThread: Thread started: Teste Comandos 1-10
2021-07-03 21:31:50,707 INFO o.a.j.t.JMeterThread: Thread started: Teste Comandos 1-13
2021-07-03 21:31:50,707 INFO o.a.j.t.JMeterThread: Thread started: Teste Comandos 1-11
2021-07-03 21:31:50,710 INFO o.a.j.t.JMeterThread: Thread started: Teste Comandos 1-12
2021-07-03 21:31:50,711 INFO o.a.j.t.JMeterThread: Thread started: Teste Comandos 1-14
2021-07-03 21:31:50,713 INFO o.a.j.t.JMeterThread: Thread started: Teste Comandos 1-15
2021-07-03 21:31:50,715 INFO o.a.j.t.JMeterThread: Thread started: Teste Comandos 1-16
2021-07-03 21:31:50,719 INFO o.a.j.t.JMeterThread: Thread started: Teste Comandos 1-17
2021-07-03 21:31:50,721 INFO o.a.j.p.h.s.HTTPHCAbstractImpl: Local host = Igor-Silva
2021-07-03 21:31:50,723 INFO o.a.j.t.JMeterThread: Thread started: Teste Comandos 1-18
2021-07-03 21:31:50,725 INFO o.a.j.t.JMeterThread: Thread started: Teste Comandos 1-19
2021-07-03 21:31:50,728 INFO o.a.j.t.JMeterThread: Thread started: Teste Comandos 1-20
2021-07-03 21:31:50,731 INFO o.a.j.t.JMeterThread: Thread started: Teste Comandos 1-21
2021-07-03 21:31:50,737 INFO o.a.j.t.JMeterThread: Thread started: Teste Comandos 1-23
2021-07-03 21:31:50,737 INFO o.a.j.t.JMeterThread: Thread started: Teste Comandos 1-22
2021-07-03 21:31:50,740 INFO o.a.j.t.JMeterThread: Thread started: Teste Comandos 1-24
2021-07-03 21:31:50,743 INFO o.a.j.t.JMeterThread: Thread started: Teste Comandos 1-25
2021-07-03 21:31:50,745 INFO o.a.j.t.JMeterThread: Thread started: Teste Comandos 1-26
2021-07-03 21:31:50,749 INFO o.a.j.t.JMeterThread: Thread started: Teste Comandos 1-27
2021-07-03 21:31:50,752 INFO o.a.j.t.JMeterThread: Thread started: Teste Comandos 1-28
2021-07-03 21:31:50,754 INFO o.a.j.t.JMeterThread: Thread started: Teste Comandos 1-29
2021-07-03 21:31:50,758 INFO o.a.j.t.JMeterThread: Thread started: Teste Comandos 1-30
2021-07-03 21:31:50,760 INFO o.a.j.t.JMeterThread: Thread started: Teste Comandos 1-31
2021-07-03 21:31:50,765 INFO o.a.j.t.JMeterThread: Thread started: Teste Comandos 1-32
2021-07-03 21:31:50,770 INFO o.a.j.t.JMeterThread: Thread started: Teste Comandos 1-33
2021-07-03 21:31:50,771 INFO o.a.j.t.JMeterThread: Thread started: Teste Comandos 1-34
2021-07-03 21:31:50,774 INFO o.a.j.t.ThreadGroup: Started thread group number 1
2021-07-03 21:31:50,774 INFO o.a.j.p.h.s.HTTPHC4Impl: HTTP request retry count = 0
2021-07-03 21:31:50,774 INFO o.a.j.e.StandardJMeterEngine: All thread groups have been started
2021-07-03 21:31:50,775 INFO o.a.j.t.JMeterThread: Thread started: Teste Comandos 1-35
2021-07-03 21:31:50,776 INFO o.a.j.s.SampleResult: Note: Sample TimeStamps are START times
2021-07-03 21:31:50,776 INFO o.a.j.s.SampleResult: sampleresult.default.encoding is set to ISO-8859-1
2021-07-03 21:31:50,776 INFO o.a.j.s.SampleResult: sampleresult.useNanoTime=true
2021-07-03 21:31:50,776 INFO o.a.j.s.SampleResult: sampleresult.nanoThreadSleep=5000
2021-07-03 21:31:50,777 INFO o.a.j.t.JMeterThread: Thread started: Teste Comandos 1-36
2021-07-03 21:31:50,779 INFO o.a.j.t.JMeterThread: Thread started: Teste Comandos 1-37
2021-07-03 21:31:50,782 INFO o.a.j.t.JMeterThread: Thread started: Teste Comandos 1-38
2021-07-03 21:31:50,785 INFO o.a.j.t.JMeterThread: Thread started: Teste Comandos 1-39
2021-07-03 21:31:50,788 INFO o.a.j.t.JMeterThread: Thread started: Teste Comandos 1-40
2021-07-03 21:31:50,790 INFO o.a.j.t.JMeterThread: Thread started: Teste Comandos 1-41
2021-07-03 21:31:50,794 INFO o.a.j.t.JMeterThread: Thread started: Teste Comandos 1-42
2021-07-03 21:31:50,798 INFO o.a.j.t.JMeterThread: Thread started: Teste Comandos 1-43
2021-07-03 21:31:50,800 INFO o.a.j.t.JMeterThread: Thread started: Teste Comandos 1-44
2021-07-03 21:31:50,802 INFO o.a.j.t.JMeterThread: Thread started: Teste Comandos 1-45
2021-07-03 21:31:50,806 INFO o.a.j.t.JMeterThread: Thread started: Teste Comandos 1-46
2021-07-03 21:31:50,808 INFO o.a.j.t.JMeterThread: Thread started: Teste Comandos 1-47
2021-07-03 21:31:50,812 INFO o.a.j.t.JMeterThread: Thread started: Teste Comandos 1-48
2021-07-03 21:31:50,815 INFO o.a.j.t.JMeterThread: Thread started: Teste Comandos 1-49
2021-07-03 21:31:50,817 INFO o.a.j.t.JMeterThread: Thread started: Teste Comandos 1-50
2021-07-03 21:31:50,820 INFO o.a.j.t.JMeterThread: Thread started: Teste Comandos 1-51
2021-07-03 21:31:50,823 INFO o.a.j.t.JMeterThread: Thread started: Teste Comandos 1-52
2021-07-03 21:31:50,825 INFO o.a.j.t.JMeterThread: Thread started: Teste Comandos 1-53
2021-07-03 21:31:50,834 INFO o.a.j.t.JMeterThread: Thread started: Teste Comandos 1-55
2021-07-03 21:31:50,836 INFO o.a.j.t.JMeterThread: Thread started: Teste Comandos 1-56
2021-07-03 21:31:50,838 INFO o.a.j.t.JMeterThread: Thread started: Teste Comandos 1-54
2021-07-03 21:31:50,838 INFO o.a.j.t.JMeterThread: Thread started: Teste Comandos 1-57
2021-07-03 21:31:50,842 INFO o.a.j.t.JMeterThread: Thread started: Teste Comandos 1-58
2021-07-03 21:31:50,845 INFO o.a.j.t.JMeterThread: Thread started: Teste Comandos 1-59
2021-07-03 21:31:50,848 INFO o.a.j.t.JMeterThread: Thread started: Teste Comandos 1-60
2021-07-03 21:31:50,851 INFO o.a.j.t.JMeterThread: Thread started: Teste Comandos 1-61
2021-07-03 21:31:50,853 INFO o.a.j.t.JMeterThread: Thread started: Teste Comandos 1-62
2021-07-03 21:31:50,858 INFO o.a.j.t.JMeterThread: Thread started: Teste Comandos 1-63
2021-07-03 21:31:50,861 INFO o.a.j.t.JMeterThread: Thread started: Teste Comandos 1-64
2021-07-03 21:31:50,863 INFO o.a.j.t.JMeterThread: Thread started: Teste Comandos 1-65
2021-07-03 21:31:50,865 INFO o.a.j.t.JMeterThread: Thread started: Teste Comandos 1-66
2021-07-03 21:31:50,867 INFO o.a.j.t.JMeterThread: Thread started: Teste Comandos 1-67
2021-07-03 21:31:50,871 INFO o.a.j.t.JMeterThread: Thread started: Teste Comandos 1-68
2021-07-03 21:31:50,875 INFO o.a.j.t.JMeterThread: Thread started: Teste Comandos 1-69
2021-07-03 21:31:50,878 INFO o.a.j.t.JMeterThread: Thread started: Teste Comandos 1-70
2021-07-03 21:31:50,880 INFO o.a.j.t.JMeterThread: Thread started: Teste Comandos 1-71
2021-07-03 21:31:50,884 INFO o.a.j.t.JMeterThread: Thread started: Teste Comandos 1-72
2021-07-03 21:31:50,887 INFO o.a.j.t.JMeterThread: Thread started: Teste Comandos 1-73
2021-07-03 21:31:50,890 INFO o.a.j.t.JMeterThread: Thread started: Teste Comandos 1-74
2021-07-03 21:31:50,893 INFO o.a.j.t.JMeterThread: Thread started: Teste Comandos 1-75
2021-07-03 21:31:50,896 INFO o.a.j.t.JMeterThread: Thread started: Teste Comandos 1-76
2021-07-03 21:31:50,899 INFO o.a.j.t.JMeterThread: Thread started: Teste Comandos 1-77
2021-07-03 21:31:50,901 INFO o.a.j.t.JMeterThread: Thread started: Teste Comandos 1-78
2021-07-03 21:31:50,904 INFO o.a.j.t.JMeterThread: Thread started: Teste Comandos 1-79
2021-07-03 21:31:50,907 INFO o.a.j.t.JMeterThread: Thread started: Teste Comandos 1-80
2021-07-03 21:31:50,911 INFO o.a.j.t.JMeterThread: Thread started: Teste Comandos 1-81
2021-07-03 21:31:50,913 INFO o.a.j.t.JMeterThread: Thread started: Teste Comandos 1-82
2021-07-03 21:31:50,916 INFO o.a.j.t.JMeterThread: Thread started: Teste Comandos 1-83
2021-07-03 21:31:50,920 INFO o.a.j.t.JMeterThread: Thread started: Teste Comandos 1-84
2021-07-03 21:31:50,923 INFO o.a.j.t.JMeterThread: Thread started: Teste Comandos 1-85
2021-07-03 21:31:50,925 INFO o.a.j.t.JMeterThread: Thread started: Teste Comandos 1-86
2021-07-03 21:31:50,929 INFO o.a.j.t.JMeterThread: Thread started: Teste Comandos 1-87
2021-07-03 21:31:50,932 INFO o.a.j.t.JMeterThread: Thread started: Teste Comandos 1-88
2021-07-03 21:31:50,934 INFO o.a.j.t.JMeterThread: Thread started: Teste Comandos 1-89
2021-07-03 21:31:50,938 INFO o.a.j.t.JMeterThread: Thread started: Teste Comandos 1-90
2021-07-03 21:31:50,941 INFO o.a.j.t.JMeterThread: Thread started: Teste Comandos 1-91
2021-07-03 21:31:50,943 INFO o.a.j.t.JMeterThread: Thread started: Teste Comandos 1-92
2021-07-03 21:31:50,946 INFO o.a.j.t.JMeterThread: Thread started: Teste Comandos 1-93
2021-07-03 21:31:50,950 INFO o.a.j.t.JMeterThread: Thread started: Teste Comandos 1-94
2021-07-03 21:31:50,953 INFO o.a.j.t.JMeterThread: Thread started: Teste Comandos 1-95
2021-07-03 21:31:50,955 INFO o.a.j.t.JMeterThread: Thread started: Teste Comandos 1-96
2021-07-03 21:31:50,958 INFO o.a.j.t.JMeterThread: Thread started: Teste Comandos 1-97
2021-07-03 21:31:50,963 INFO o.a.j.t.JMeterThread: Thread started: Teste Comandos 1-98
2021-07-03 21:31:50,965 INFO o.a.j.t.JMeterThread: Thread started: Teste Comandos 1-99
2021-07-03 21:31:50,989 INFO o.a.j.t.JMeterThread: Thread started: Teste Comandos 1-100
2021-07-03 21:31:50,991 INFO o.a.j.t.JMeterThread: Thread started: Teste Comandos 1-102
2021-07-03 21:31:50,991 INFO o.a.j.t.JMeterThread: Thread started: Teste Comandos 1-103
2021-07-03 21:31:50,991 INFO o.a.j.t.JMeterThread: Thread started: Teste Comandos 1-101
2021-07-03 21:31:50,993 INFO o.a.j.t.JMeterThread: Thread started: Teste Comandos 1-104
2021-07-03 21:31:50,994 INFO o.a.j.t.JMeterThread: Thread started: Teste Comandos 1-105
2021-07-03 21:31:51,001 INFO o.a.j.t.JMeterThread: Thread started: Teste Comandos 1-106
2021-07-03 21:31:51,006 INFO o.a.j.t.JMeterThread: Thread started: Teste Comandos 1-107
2021-07-03 21:31:51,011 INFO o.a.j.t.JMeterThread: Thread started: Teste Comandos 1-108
2021-07-03 21:31:51,011 INFO o.a.j.t.JMeterThread: Thread started: Teste Comandos 1-109
2021-07-03 21:31:51,011 INFO o.a.j.t.JMeterThread: Thread started: Teste Comandos 1-110
2021-07-03 21:31:51,011 INFO o.a.j.t.JMeterThread: Thread started: Teste Comandos 1-111
2021-07-03 21:31:51,013 INFO o.a.j.t.JMeterThread: Thread started: Teste Comandos 1-112
2021-07-03 21:31:51,014 INFO o.a.j.t.JMeterThread: Thread started: Teste Comandos 1-114
2021-07-03 21:31:51,013 INFO o.a.j.t.JMeterThread: Thread started: Teste Comandos 1-113
2021-07-03 21:31:51,014 INFO o.a.j.t.JMeterThread: Thread started: Teste Comandos 1-115
2021-07-03 21:31:51,016 INFO o.a.j.t.JMeterThread: Thread started: Teste Comandos 1-116
2021-07-03 21:31:51,026 INFO o.a.j.t.JMeterThread: Thread started: Teste Comandos 1-118
2021-07-03 21:31:51,026 INFO o.a.j.t.JMeterThread: Thread started: Teste Comandos 1-117
2021-07-03 21:31:51,027 INFO o.a.j.t.JMeterThread: Thread started: Teste Comandos 1-119
2021-07-03 21:31:51,028 INFO o.a.j.t.JMeterThread: Thread started: Teste Comandos 1-120
2021-07-03 21:31:51,032 INFO o.a.j.t.JMeterThread: Thread started: Teste Comandos 1-121
2021-07-03 21:31:51,033 INFO o.a.j.t.JMeterThread: Thread started: Teste Comandos 1-122
2021-07-03 21:31:51,037 INFO o.a.j.t.JMeterThread: Thread started: Teste Comandos 1-123
2021-07-03 21:31:51,040 INFO o.a.j.t.JMeterThread: Thread started: Teste Comandos 1-124
2021-07-03 21:31:51,042 INFO o.a.j.t.JMeterThread: Thread started: Teste Comandos 1-125
2021-07-03 21:31:51,045 INFO o.a.j.t.JMeterThread: Thread started: Teste Comandos 1-126
2021-07-03 21:31:51,049 INFO o.a.j.t.JMeterThread: Thread started: Teste Comandos 1-127
2021-07-03 21:31:51,052 INFO o.a.j.t.JMeterThread: Thread started: Teste Comandos 1-128
2021-07-03 21:31:51,056 INFO o.a.j.t.JMeterThread: Thread started: Teste Comandos 1-129
2021-07-03 21:31:51,063 INFO o.a.j.t.JMeterThread: Thread started: Teste Comandos 1-130
2021-07-03 21:31:51,068 INFO o.a.j.t.JMeterThread: Thread started: Teste Comandos 1-131
2021-07-03 21:31:51,070 INFO o.a.j.t.JMeterThread: Thread started: Teste Comandos 1-132
2021-07-03 21:31:51,070 INFO o.a.j.t.JMeterThread: Thread started: Teste Comandos 1-133
2021-07-03 21:31:51,071 INFO o.a.j.t.JMeterThread: Thread started: Teste Comandos 1-134
2021-07-03 21:31:51,074 INFO o.a.j.t.JMeterThread: Thread started: Teste Comandos 1-135
2021-07-03 21:31:51,082 INFO o.a.j.t.JMeterThread: Thread started: Teste Comandos 1-136
2021-07-03 21:31:51,083 INFO o.a.j.t.JMeterThread: Thread started: Teste Comandos 1-137
2021-07-03 21:31:51,090 INFO o.a.j.p.h.s.h.LazyLayeredConnectionSocketFactory: Setting up HTTPS TrustAll Socket Factory
2021-07-03 21:31:51,101 INFO o.a.j.u.JsseSSLManager: Using default SSL protocol: TLS
2021-07-03 21:31:51,101 INFO o.a.j.u.JsseSSLManager: SSL session context: per-thread
2021-07-03 21:31:51,125 INFO o.a.j.t.JMeterThread: Thread started: Teste Comandos 1-138
2021-07-03 21:31:51,125 INFO o.a.j.t.JMeterThread: Thread started: Teste Comandos 1-139
2021-07-03 21:31:51,125 INFO o.a.j.t.JMeterThread: Thread started: Teste Comandos 1-140
2021-07-03 21:31:51,138 INFO o.a.j.t.JMeterThread: Thread started: Teste Comandos 1-141
2021-07-03 21:31:51,138 INFO o.a.j.t.JMeterThread: Thread started: Teste Comandos 1-142
2021-07-03 21:31:51,140 INFO o.a.j.t.JMeterThread: Thread started: Teste Comandos 1-143
2021-07-03 21:31:51,140 INFO o.a.j.t.JMeterThread: Thread started: Teste Comandos 1-144
2021-07-03 21:31:51,140 INFO o.a.j.t.JMeterThread: Thread started: Teste Comandos 1-145
2021-07-03 21:31:51,140 INFO o.a.j.t.JMeterThread: Thread started: Teste Comandos 1-146
2021-07-03 21:31:51,142 INFO o.a.j.t.JMeterThread: Thread started: Teste Comandos 1-148
2021-07-03 21:31:51,151 INFO o.a.j.t.JMeterThread: Thread started: Teste Comandos 1-149
2021-07-03 21:31:51,153 INFO o.a.j.t.JMeterThread: Thread started: Teste Comandos 1-147
2021-07-03 21:31:51,171 INFO o.a.j.t.JMeterThread: Thread started: Teste Comandos 1-150
2021-07-03 21:31:51,194 INFO o.a.j.t.JMeterThread: Thread started: Teste Comandos 1-151
2021-07-03 21:31:51,194 INFO o.a.j.t.JMeterThread: Thread started: Teste Comandos 1-152
2021-07-03 21:31:51,200 INFO o.a.j.t.JMeterThread: Thread started: Teste Comandos 1-153
2021-07-03 21:31:51,202 INFO o.a.j.t.JMeterThread: Thread started: Teste Comandos 1-154
2021-07-03 21:31:51,204 INFO o.a.j.t.JMeterThread: Thread started: Teste Comandos 1-155
2021-07-03 21:31:51,207 INFO o.a.j.t.JMeterThread: Thread started: Teste Comandos 1-156
2021-07-03 21:31:51,207 INFO o.a.j.t.JMeterThread: Thread started: Teste Comandos 1-158
2021-07-03 21:31:51,207 INFO o.a.j.t.JMeterThread: Thread started: Teste Comandos 1-157
2021-07-03 21:31:51,208 INFO o.a.j.t.JMeterThread: Thread started: Teste Comandos 1-159
2021-07-03 21:31:51,210 INFO o.a.j.t.JMeterThread: Thread started: Teste Comandos 1-160
2021-07-03 21:31:51,210 INFO o.a.j.t.JMeterThread: Thread started: Teste Comandos 1-161
2021-07-03 21:31:51,213 INFO o.a.j.t.JMeterThread: Thread started: Teste Comandos 1-162
2021-07-03 21:31:51,216 INFO o.a.j.t.JMeterThread: Thread started: Teste Comandos 1-163
2021-07-03 21:31:51,219 INFO o.a.j.t.JMeterThread: Thread started: Teste Comandos 1-164
2021-07-03 21:31:51,222 INFO o.a.j.t.JMeterThread: Thread started: Teste Comandos 1-165
2021-07-03 21:31:51,222 INFO o.a.j.t.JMeterThread: Thread started: Teste Comandos 1-166
2021-07-03 21:31:51,226 INFO o.a.j.t.JMeterThread: Thread started: Teste Comandos 1-169
2021-07-03 21:31:51,226 INFO o.a.j.t.JMeterThread: Thread started: Teste Comandos 1-167
2021-07-03 21:31:51,226 INFO o.a.j.t.JMeterThread: Thread started: Teste Comandos 1-168
2021-07-03 21:31:51,228 INFO o.a.j.t.JMeterThread: Thread started: Teste Comandos 1-170
2021-07-03 21:31:51,232 INFO o.a.j.t.JMeterThread: Thread started: Teste Comandos 1-171
2021-07-03 21:31:51,234 INFO o.a.j.t.JMeterThread: Thread started: Teste Comandos 1-172
2021-07-03 21:31:51,234 INFO o.a.j.t.JMeterThread: Thread started: Teste Comandos 1-173
2021-07-03 21:31:51,236 INFO o.a.j.t.JMeterThread: Thread started: Teste Comandos 1-175
2021-07-03 21:31:51,236 INFO o.a.j.t.JMeterThread: Thread started: Teste Comandos 1-174
2021-07-03 21:31:51,236 INFO o.a.j.t.JMeterThread: Thread started: Teste Comandos 1-177
2021-07-03 21:31:51,236 INFO o.a.j.t.JMeterThread: Thread started: Teste Comandos 1-176
2021-07-03 21:31:51,236 INFO o.a.j.t.JMeterThread: Thread started: Teste Comandos 1-179
2021-07-03 21:31:51,237 INFO o.a.j.t.JMeterThread: Thread started: Teste Comandos 1-178
2021-07-03 21:31:51,238 INFO o.a.j.t.JMeterThread: Thread started: Teste Comandos 1-180
2021-07-03 21:31:51,239 INFO o.a.j.t.JMeterThread: Thread started: Teste Comandos 1-181
2021-07-03 21:31:51,241 INFO o.a.j.t.JMeterThread: Thread started: Teste Comandos 1-182
2021-07-03 21:31:51,241 INFO o.a.j.t.JMeterThread: Thread started: Teste Comandos 1-183
2021-07-03 21:31:51,246 INFO o.a.j.t.JMeterThread: Thread started: Teste Comandos 1-184
2021-07-03 21:31:51,246 INFO o.a.j.t.JMeterThread: Thread started: Teste Comandos 1-185
2021-07-03 21:31:51,246 INFO o.a.j.t.JMeterThread: Thread started: Teste Comandos 1-187
2021-07-03 21:31:51,246 INFO o.a.j.t.JMeterThread: Thread started: Teste Comandos 1-186
2021-07-03 21:31:51,247 INFO o.a.j.t.JMeterThread: Thread started: Teste Comandos 1-188
2021-07-03 21:31:51,247 INFO o.a.j.t.JMeterThread: Thread started: Teste Comandos 1-189
2021-07-03 21:31:51,250 INFO o.a.j.t.JMeterThread: Thread started: Teste Comandos 1-190
2021-07-03 21:31:51,250 INFO o.a.j.t.JMeterThread: Thread started: Teste Comandos 1-191
2021-07-03 21:31:51,250 INFO o.a.j.t.JMeterThread: Thread started: Teste Comandos 1-192
2021-07-03 21:31:51,253 INFO o.a.j.t.JMeterThread: Thread started: Teste Comandos 1-193
2021-07-03 21:31:51,253 INFO o.a.j.t.JMeterThread: Thread started: Teste Comandos 1-194
2021-07-03 21:31:51,263 INFO o.a.j.t.JMeterThread: Thread started: Teste Comandos 1-195
2021-07-03 21:31:51,263 INFO o.a.j.t.JMeterThread: Thread started: Teste Comandos 1-196
2021-07-03 21:31:51,266 INFO o.a.j.t.JMeterThread: Thread started: Teste Comandos 1-197
2021-07-03 21:31:51,266 INFO o.a.j.t.JMeterThread: Thread started: Teste Comandos 1-198
2021-07-03 21:31:51,275 INFO o.a.j.t.JMeterThread: Thread started: Teste Comandos 1-199
2021-07-03 21:31:51,275 INFO o.a.j.t.JMeterThread: Thread started: Teste Comandos 1-200
2021-07-03 21:31:51,275 INFO o.a.j.t.JMeterThread: Thread started: Teste Comandos 1-201
2021-07-03 21:31:51,275 INFO o.a.j.t.JMeterThread: Thread started: Teste Comandos 1-202
2021-07-03 21:31:51,282 INFO o.a.j.t.JMeterThread: Thread started: Teste Comandos 1-203
2021-07-03 21:31:51,282 INFO o.a.j.t.JMeterThread: Thread started: Teste Comandos 1-204
2021-07-03 21:31:51,283 INFO o.a.j.t.JMeterThread: Thread started: Teste Comandos 1-205
2021-07-03 21:31:51,287 INFO o.a.j.t.JMeterThread: Thread started: Teste Comandos 1-206
2021-07-03 21:31:51,290 INFO o.a.j.t.JMeterThread: Thread started: Teste Comandos 1-207
2021-07-03 21:31:51,290 INFO o.a.j.t.JMeterThread: Thread started: Teste Comandos 1-208
2021-07-03 21:31:51,294 INFO o.a.j.t.JMeterThread: Thread started: Teste Comandos 1-209
2021-07-03 21:31:51,298 INFO o.a.j.t.JMeterThread: Thread started: Teste Comandos 1-210
2021-07-03 21:31:51,299 INFO o.a.j.t.JMeterThread: Thread started: Teste Comandos 1-211
2021-07-03 21:31:51,303 INFO o.a.j.t.JMeterThread: Thread started: Teste Comandos 1-212
2021-07-03 21:31:51,305 INFO o.a.j.t.JMeterThread: Thread started: Teste Comandos 1-213
2021-07-03 21:31:51,309 INFO o.a.j.t.JMeterThread: Thread started: Teste Comandos 1-214
2021-07-03 21:31:51,312 INFO o.a.j.t.JMeterThread: Thread started: Teste Comandos 1-215
2021-07-03 21:31:51,314 INFO o.a.j.t.JMeterThread: Thread started: Teste Comandos 1-216
2021-07-03 21:31:51,317 INFO o.a.j.t.JMeterThread: Thread started: Teste Comandos 1-217
2021-07-03 21:31:51,322 INFO o.a.j.t.JMeterThread: Thread started: Teste Comandos 1-218
2021-07-03 21:31:51,325 INFO o.a.j.t.JMeterThread: Thread started: Teste Comandos 1-219
2021-07-03 21:31:51,327 INFO o.a.j.t.JMeterThread: Thread started: Teste Comandos 1-220
2021-07-03 21:31:51,330 INFO o.a.j.t.JMeterThread: Thread started: Teste Comandos 1-221
2021-07-03 21:31:51,334 INFO o.a.j.t.JMeterThread: Thread started: Teste Comandos 1-222
2021-07-03 21:31:51,337 INFO o.a.j.t.JMeterThread: Thread started: Teste Comandos 1-223
2021-07-03 21:31:51,339 INFO o.a.j.t.JMeterThread: Thread started: Teste Comandos 1-224
2021-07-03 21:31:51,342 INFO o.a.j.t.JMeterThread: Thread started: Teste Comandos 1-225
2021-07-03 21:31:51,345 INFO o.a.j.t.JMeterThread: Thread started: Teste Comandos 1-226
2021-07-03 21:31:51,349 INFO o.a.j.t.JMeterThread: Thread started: Teste Comandos 1-227
2021-07-03 21:31:51,352 INFO o.a.j.t.JMeterThread: Thread started: Teste Comandos 1-228
2021-07-03 21:31:51,354 INFO o.a.j.t.JMeterThread: Thread started: Teste Comandos 1-229
2021-07-03 21:31:51,357 INFO o.a.j.t.JMeterThread: Thread started: Teste Comandos 1-230
2021-07-03 21:31:51,360 INFO o.a.j.t.JMeterThread: Thread started: Teste Comandos 1-231
2021-07-03 21:31:51,364 INFO o.a.j.t.JMeterThread: Thread started: Teste Comandos 1-232
2021-07-03 21:31:51,367 INFO o.a.j.t.JMeterThread: Thread started: Teste Comandos 1-233
2021-07-03 21:31:51,369 INFO o.a.j.t.JMeterThread: Thread started: Teste Comandos 1-234
2021-07-03 21:31:51,372 INFO o.a.j.t.JMeterThread: Thread started: Teste Comandos 1-235
2021-07-03 21:31:51,375 INFO o.a.j.t.JMeterThread: Thread started: Teste Comandos 1-236
2021-07-03 21:31:51,379 INFO o.a.j.t.JMeterThread: Thread started: Teste Comandos 1-237
2021-07-03 21:31:51,382 INFO o.a.j.t.JMeterThread: Thread started: Teste Comandos 1-238
2021-07-03 21:31:51,384 INFO o.a.j.t.JMeterThread: Thread started: Teste Comandos 1-239
2021-07-03 21:31:51,387 INFO o.a.j.t.JMeterThread: Thread started: Teste Comandos 1-240
2021-07-03 21:31:51,390 INFO o.a.j.t.JMeterThread: Thread started: Teste Comandos 1-241
2021-07-03 21:31:51,394 INFO o.a.j.t.JMeterThread: Thread started: Teste Comandos 1-242
2021-07-03 21:31:51,396 INFO o.a.j.t.JMeterThread: Thread started: Teste Comandos 1-243
2021-07-03 21:31:51,399 INFO o.a.j.t.JMeterThread: Thread started: Teste Comandos 1-244
2021-07-03 21:31:51,402 INFO o.a.j.t.JMeterThread: Thread started: Teste Comandos 1-245
2021-07-03 21:31:51,406 INFO o.a.j.t.JMeterThread: Thread started: Teste Comandos 1-246
2021-07-03 21:31:51,409 INFO o.a.j.t.JMeterThread: Thread started: Teste Comandos 1-247
2021-07-03 21:31:51,411 INFO o.a.j.t.JMeterThread: Thread started: Teste Comandos 1-248
2021-07-03 21:31:51,414 INFO o.a.j.t.JMeterThread: Thread started: Teste Comandos 1-249
2021-07-03 21:31:51,420 INFO o.a.j.t.JMeterThread: Thread started: Teste Comandos 1-250
2021-07-03 21:31:51,421 INFO o.a.j.t.JMeterThread: Thread started: Teste Comandos 1-251
2021-07-03 21:31:51,424 INFO o.a.j.t.JMeterThread: Thread started: Teste Comandos 1-252
2021-07-03 21:31:51,426 INFO o.a.j.t.JMeterThread: Thread started: Teste Comandos 1-253
2021-07-03 21:31:51,428 INFO o.a.j.t.JMeterThread: Thread started: Teste Comandos 1-254
2021-07-03 21:31:51,432 INFO o.a.j.t.JMeterThread: Thread started: Teste Comandos 1-255
2021-07-03 21:31:51,435 INFO o.a.j.t.JMeterThread: Thread started: Teste Comandos 1-256
2021-07-03 21:31:51,437 INFO o.a.j.t.JMeterThread: Thread started: Teste Comandos 1-257
2021-07-03 21:31:51,441 INFO o.a.j.t.JMeterThread: Thread started: Teste Comandos 1-258
2021-07-03 21:31:51,444 INFO o.a.j.t.JMeterThread: Thread started: Teste Comandos 1-259
2021-07-03 21:31:51,447 INFO o.a.j.t.JMeterThread: Thread started: Teste Comandos 1-260
2021-07-03 21:31:51,449 INFO o.a.j.t.JMeterThread: Thread started: Teste Comandos 1-261
2021-07-03 21:31:51,452 INFO o.a.j.t.JMeterThread: Thread started: Teste Comandos 1-262
2021-07-03 21:31:51,455 INFO o.a.j.t.JMeterThread: Thread started: Teste Comandos 1-263
2021-07-03 21:31:51,459 INFO o.a.j.t.JMeterThread: Thread started: Teste Comandos 1-264
2021-07-03 21:31:51,461 INFO o.a.j.t.JMeterThread: Thread started: Teste Comandos 1-265
2021-07-03 21:31:51,464 INFO o.a.j.t.JMeterThread: Thread started: Teste Comandos 1-266
2021-07-03 21:31:51,467 INFO o.a.j.t.JMeterThread: Thread started: Teste Comandos 1-267
2021-07-03 21:31:51,471 INFO o.a.j.t.JMeterThread: Thread started: Teste Comandos 1-268
2021-07-03 21:31:51,474 INFO o.a.j.t.JMeterThread: Thread started: Teste Comandos 1-269
2021-07-03 21:31:51,476 INFO o.a.j.t.JMeterThread: Thread started: Teste Comandos 1-270
2021-07-03 21:31:51,479 INFO o.a.j.t.JMeterThread: Thread started: Teste Comandos 1-271
2021-07-03 21:31:51,482 INFO o.a.j.t.JMeterThread: Thread started: Teste Comandos 1-272
2021-07-03 21:31:51,485 INFO o.a.j.t.JMeterThread: Thread started: Teste Comandos 1-273
2021-07-03 21:31:51,489 INFO o.a.j.t.JMeterThread: Thread started: Teste Comandos 1-274
2021-07-03 21:31:51,492 INFO o.a.j.t.JMeterThread: Thread started: Teste Comandos 1-275
2021-07-03 21:31:51,494 INFO o.a.j.t.JMeterThread: Thread started: Teste Comandos 1-276
2021-07-03 21:31:51,497 INFO o.a.j.t.JMeterThread: Thread started: Teste Comandos 1-277
2021-07-03 21:31:51,500 INFO o.a.j.t.JMeterThread: Thread started: Teste Comandos 1-278
2021-07-03 21:31:51,504 INFO o.a.j.t.JMeterThread: Thread started: Teste Comandos 1-279
2021-07-03 21:31:51,507 INFO o.a.j.t.JMeterThread: Thread started: Teste Comandos 1-280
2021-07-03 21:31:51,509 INFO o.a.j.t.JMeterThread: Thread started: Teste Comandos 1-281
2021-07-03 21:31:51,512 INFO o.a.j.t.JMeterThread: Thread started: Teste Comandos 1-282
2021-07-03 21:31:51,518 INFO o.a.j.t.JMeterThread: Thread started: Teste Comandos 1-283
2021-07-03 21:31:51,521 INFO o.a.j.t.JMeterThread: Thread started: Teste Comandos 1-284
2021-07-03 21:31:51,522 INFO o.a.j.t.JMeterThread: Thread started: Teste Comandos 1-285
2021-07-03 21:31:51,524 INFO o.a.j.t.JMeterThread: Thread started: Teste Comandos 1-286
2021-07-03 21:31:51,527 INFO o.a.j.t.JMeterThread: Thread started: Teste Comandos 1-287
2021-07-03 21:31:51,530 INFO o.a.j.t.JMeterThread: Thread started: Teste Comandos 1-288
2021-07-03 21:31:51,533 INFO o.a.j.t.JMeterThread: Thread started: Teste Comandos 1-289
2021-07-03 21:31:51,537 INFO o.a.j.t.JMeterThread: Thread started: Teste Comandos 1-290
2021-07-03 21:31:51,540 INFO o.a.j.t.JMeterThread: Thread started: Teste Comandos 1-291
2021-07-03 21:31:51,542 INFO o.a.j.t.JMeterThread: Thread started: Teste Comandos 1-292
2021-07-03 21:31:51,545 INFO o.a.j.t.JMeterThread: Thread started: Teste Comandos 1-293
2021-07-03 21:31:51,548 INFO o.a.j.t.JMeterThread: Thread started: Teste Comandos 1-294
2021-07-03 21:31:51,552 INFO o.a.j.t.JMeterThread: Thread started: Teste Comandos 1-295
2021-07-03 21:31:51,555 INFO o.a.j.t.JMeterThread: Thread started: Teste Comandos 1-296
2021-07-03 21:31:51,557 INFO o.a.j.t.JMeterThread: Thread started: Teste Comandos 1-297
2021-07-03 21:31:51,560 INFO o.a.j.t.JMeterThread: Thread started: Teste Comandos 1-298
2021-07-03 21:31:51,563 INFO o.a.j.t.JMeterThread: Thread started: Teste Comandos 1-299
2021-07-03 21:31:51,567 INFO o.a.j.t.JMeterThread: Thread started: Teste Comandos 1-300
2021-07-03 21:31:51,875 INFO o.a.j.u.SSLManager: JmeterKeyStore Location:  type JKS
2021-07-03 21:31:51,879 INFO o.a.j.u.SSLManager: KeyStore created OK
2021-07-03 21:31:51,879 WARN o.a.j.u.SSLManager: Keystore file not found, loading empty keystore
2021-07-03 21:31:58,432 INFO o.a.j.t.JMeterThread: Thread is done: Teste Comandos 1-151
2021-07-03 21:31:58,432 INFO o.a.j.t.JMeterThread: Thread finished: Teste Comandos 1-151
2021-07-03 21:31:58,787 INFO o.a.j.t.JMeterThread: Thread is done: Teste Comandos 1-299
2021-07-03 21:31:58,787 INFO o.a.j.t.JMeterThread: Thread finished: Teste Comandos 1-299
2021-07-03 21:31:59,455 INFO o.a.j.t.JMeterThread: Thread is done: Teste Comandos 1-109
2021-07-03 21:31:59,456 INFO o.a.j.t.JMeterThread: Thread finished: Teste Comandos 1-109
2021-07-03 21:31:59,488 INFO o.a.j.t.JMeterThread: Thread is done: Teste Comandos 1-63
2021-07-03 21:31:59,488 INFO o.a.j.t.JMeterThread: Thread finished: Teste Comandos 1-63
2021-07-03 21:31:59,811 INFO o.a.j.t.JMeterThread: Thread is done: Teste Comandos 1-131
2021-07-03 21:31:59,811 INFO o.a.j.t.JMeterThread: Thread finished: Teste Comandos 1-131
2021-07-03 21:31:59,880 INFO o.a.j.t.JMeterThread: Thread is done: Teste Comandos 1-236
2021-07-03 21:31:59,880 INFO o.a.j.t.JMeterThread: Thread finished: Teste Comandos 1-236
2021-07-03 21:32:00,031 INFO o.a.j.r.Summariser: summary +    294 in 00:00:09 =   31.3/s Avg:  5384 Min:   479 Max:  8740 Err:     0 (0.00%) Active: 294 Started: 300 Finished: 6
2021-07-03 21:32:00,039 INFO o.a.j.t.JMeterThread: Thread is done: Teste Comandos 1-284
2021-07-03 21:32:00,039 INFO o.a.j.t.JMeterThread: Thread finished: Teste Comandos 1-284
2021-07-03 21:32:00,222 INFO o.a.j.t.JMeterThread: Thread is done: Teste Comandos 1-40
2021-07-03 21:32:00,222 INFO o.a.j.t.JMeterThread: Thread finished: Teste Comandos 1-40
2021-07-03 21:32:00,251 INFO o.a.j.t.JMeterThread: Thread is done: Teste Comandos 1-57
2021-07-03 21:32:00,251 INFO o.a.j.t.JMeterThread: Thread finished: Teste Comandos 1-57
2021-07-03 21:32:00,470 INFO o.a.j.t.JMeterThread: Thread is done: Teste Comandos 1-157
2021-07-03 21:32:00,470 INFO o.a.j.t.JMeterThread: Thread finished: Teste Comandos 1-157
2021-07-03 21:32:00,808 INFO o.a.j.t.JMeterThread: Thread is done: Teste Comandos 1-237
2021-07-03 21:32:00,808 INFO o.a.j.t.JMeterThread: Thread finished: Teste Comandos 1-237
2021-07-03 21:32:00,880 INFO o.a.j.t.JMeterThread: Thread is done: Teste Comandos 1-5
2021-07-03 21:32:00,880 INFO o.a.j.t.JMeterThread: Thread finished: Teste Comandos 1-5
2021-07-03 21:32:00,968 INFO o.a.j.t.JMeterThread: Thread is done: Teste Comandos 1-225
2021-07-03 21:32:00,968 INFO o.a.j.t.JMeterThread: Thread finished: Teste Comandos 1-225
2021-07-03 21:32:01,292 INFO o.a.j.t.JMeterThread: Thread is done: Teste Comandos 1-290
2021-07-03 21:32:01,292 INFO o.a.j.t.JMeterThread: Thread finished: Teste Comandos 1-290
2021-07-03 21:32:01,302 INFO o.a.j.t.JMeterThread: Thread is done: Teste Comandos 1-210
2021-07-03 21:32:01,302 INFO o.a.j.t.JMeterThread: Thread finished: Teste Comandos 1-210
2021-07-03 21:32:01,309 INFO o.a.j.t.JMeterThread: Thread is done: Teste Comandos 1-213
2021-07-03 21:32:01,309 INFO o.a.j.t.JMeterThread: Thread finished: Teste Comandos 1-213
2021-07-03 21:32:01,496 INFO o.a.j.t.JMeterThread: Thread is done: Teste Comandos 1-275
2021-07-03 21:32:01,496 INFO o.a.j.t.JMeterThread: Thread finished: Teste Comandos 1-275
2021-07-03 21:32:01,507 INFO o.a.j.t.JMeterThread: Thread is done: Teste Comandos 1-278
2021-07-03 21:32:01,507 INFO o.a.j.t.JMeterThread: Thread finished: Teste Comandos 1-278
2021-07-03 21:32:01,690 INFO o.a.j.t.JMeterThread: Thread is done: Teste Comandos 1-247
2021-07-03 21:32:01,690 INFO o.a.j.t.JMeterThread: Thread finished: Teste Comandos 1-247
2021-07-03 21:32:01,800 INFO o.a.j.t.JMeterThread: Thread is done: Teste Comandos 1-56
2021-07-03 21:32:01,800 INFO o.a.j.t.JMeterThread: Thread finished: Teste Comandos 1-56
2021-07-03 21:32:01,831 INFO o.a.j.t.JMeterThread: Thread is done: Teste Comandos 1-149
2021-07-03 21:32:01,831 INFO o.a.j.t.JMeterThread: Thread finished: Teste Comandos 1-149
2021-07-03 21:32:02,202 INFO o.a.j.t.JMeterThread: Thread is done: Teste Comandos 1-177
2021-07-03 21:32:02,202 INFO o.a.j.t.JMeterThread: Thread finished: Teste Comandos 1-177
2021-07-03 21:32:02,537 INFO o.a.j.t.JMeterThread: Thread is done: Teste Comandos 1-118
2021-07-03 21:32:02,537 INFO o.a.j.t.JMeterThread: Thread finished: Teste Comandos 1-118
2021-07-03 21:32:02,675 INFO o.a.j.t.JMeterThread: Thread is done: Teste Comandos 1-172
2021-07-03 21:32:02,675 INFO o.a.j.t.JMeterThread: Thread finished: Teste Comandos 1-172
2021-07-03 21:32:02,685 INFO o.a.j.t.JMeterThread: Thread is done: Teste Comandos 1-209
2021-07-03 21:32:02,685 INFO o.a.j.t.JMeterThread: Thread finished: Teste Comandos 1-209
2021-07-03 21:32:02,723 INFO o.a.j.t.JMeterThread: Thread is done: Teste Comandos 1-252
2021-07-03 21:32:02,723 INFO o.a.j.t.JMeterThread: Thread finished: Teste Comandos 1-252
2021-07-03 21:32:02,757 INFO o.a.j.t.JMeterThread: Thread is done: Teste Comandos 1-246
2021-07-03 21:32:02,757 INFO o.a.j.t.JMeterThread: Thread finished: Teste Comandos 1-246
2021-07-03 21:32:02,835 INFO o.a.j.t.JMeterThread: Thread is done: Teste Comandos 1-125
2021-07-03 21:32:02,835 INFO o.a.j.t.JMeterThread: Thread finished: Teste Comandos 1-125
2021-07-03 21:32:02,950 INFO o.a.j.t.JMeterThread: Thread is done: Teste Comandos 1-155
2021-07-03 21:32:02,950 INFO o.a.j.t.JMeterThread: Thread finished: Teste Comandos 1-155
2021-07-03 21:32:03,169 INFO o.a.j.t.JMeterThread: Thread is done: Teste Comandos 1-264
2021-07-03 21:32:03,169 INFO o.a.j.t.JMeterThread: Thread finished: Teste Comandos 1-264
2021-07-03 21:32:03,235 INFO o.a.j.t.JMeterThread: Thread is done: Teste Comandos 1-193
2021-07-03 21:32:03,236 INFO o.a.j.t.JMeterThread: Thread finished: Teste Comandos 1-193
2021-07-03 21:32:03,318 INFO o.a.j.t.JMeterThread: Thread is done: Teste Comandos 1-182
2021-07-03 21:32:03,318 INFO o.a.j.t.JMeterThread: Thread finished: Teste Comandos 1-182
2021-07-03 21:32:03,394 INFO o.a.j.t.JMeterThread: Thread is done: Teste Comandos 1-185
2021-07-03 21:32:03,394 INFO o.a.j.t.JMeterThread: Thread finished: Teste Comandos 1-185
2021-07-03 21:32:03,460 INFO o.a.j.t.JMeterThread: Thread is done: Teste Comandos 1-141
2021-07-03 21:32:03,460 INFO o.a.j.t.JMeterThread: Thread finished: Teste Comandos 1-141
2021-07-03 21:32:03,488 INFO o.a.j.t.JMeterThread: Thread is done: Teste Comandos 1-253
2021-07-03 21:32:03,488 INFO o.a.j.t.JMeterThread: Thread finished: Teste Comandos 1-253
2021-07-03 21:32:03,601 INFO o.a.j.t.JMeterThread: Thread is done: Teste Comandos 1-181
2021-07-03 21:32:03,601 INFO o.a.j.t.JMeterThread: Thread finished: Teste Comandos 1-181
2021-07-03 21:32:03,670 INFO o.a.j.t.JMeterThread: Thread is done: Teste Comandos 1-242
2021-07-03 21:32:03,670 INFO o.a.j.t.JMeterThread: Thread finished: Teste Comandos 1-242
2021-07-03 21:32:03,688 INFO o.a.j.t.JMeterThread: Thread is done: Teste Comandos 1-100
2021-07-03 21:32:03,688 INFO o.a.j.t.JMeterThread: Thread finished: Teste Comandos 1-100
2021-07-03 21:32:04,018 INFO o.a.j.t.JMeterThread: Thread is done: Teste Comandos 1-161
2021-07-03 21:32:04,018 INFO o.a.j.t.JMeterThread: Thread finished: Teste Comandos 1-161
2021-07-03 21:32:04,059 INFO o.a.j.t.JMeterThread: Thread is done: Teste Comandos 1-203
2021-07-03 21:32:04,059 INFO o.a.j.t.JMeterThread: Thread finished: Teste Comandos 1-203
2021-07-03 21:32:04,112 INFO o.a.j.t.JMeterThread: Thread is done: Teste Comandos 1-34
2021-07-03 21:32:04,112 INFO o.a.j.t.JMeterThread: Thread finished: Teste Comandos 1-34
2021-07-03 21:32:04,143 INFO o.a.j.t.JMeterThread: Thread is done: Teste Comandos 1-219
2021-07-03 21:32:04,143 INFO o.a.j.t.JMeterThread: Thread finished: Teste Comandos 1-219
2021-07-03 21:32:04,338 INFO o.a.j.t.JMeterThread: Thread is done: Teste Comandos 1-178
2021-07-03 21:32:04,338 INFO o.a.j.t.JMeterThread: Thread finished: Teste Comandos 1-178
2021-07-03 21:32:04,378 INFO o.a.j.t.JMeterThread: Thread is done: Teste Comandos 1-91
2021-07-03 21:32:04,378 INFO o.a.j.t.JMeterThread: Thread finished: Teste Comandos 1-91
2021-07-03 21:32:04,548 INFO o.a.j.t.JMeterThread: Thread is done: Teste Comandos 1-244
2021-07-03 21:32:04,548 INFO o.a.j.t.JMeterThread: Thread finished: Teste Comandos 1-244
2021-07-03 21:32:04,573 INFO o.a.j.t.JMeterThread: Thread is done: Teste Comandos 1-212
2021-07-03 21:32:04,573 INFO o.a.j.t.JMeterThread: Thread finished: Teste Comandos 1-212
2021-07-03 21:32:04,598 INFO o.a.j.t.JMeterThread: Thread is done: Teste Comandos 1-68
2021-07-03 21:32:04,598 INFO o.a.j.t.JMeterThread: Thread finished: Teste Comandos 1-68
2021-07-03 21:32:04,678 INFO o.a.j.t.JMeterThread: Thread is done: Teste Comandos 1-136
2021-07-03 21:32:04,678 INFO o.a.j.t.JMeterThread: Thread finished: Teste Comandos 1-136
2021-07-03 21:32:04,773 INFO o.a.j.t.JMeterThread: Thread is done: Teste Comandos 1-67
2021-07-03 21:32:04,773 INFO o.a.j.t.JMeterThread: Thread finished: Teste Comandos 1-67
2021-07-03 21:32:05,028 INFO o.a.j.t.JMeterThread: Thread is done: Teste Comandos 1-286
2021-07-03 21:32:05,028 INFO o.a.j.t.JMeterThread: Thread finished: Teste Comandos 1-286
2021-07-03 21:32:05,038 INFO o.a.j.t.JMeterThread: Thread is done: Teste Comandos 1-135
2021-07-03 21:32:05,038 INFO o.a.j.t.JMeterThread: Thread finished: Teste Comandos 1-135
2021-07-03 21:32:05,053 INFO o.a.j.t.JMeterThread: Thread is done: Teste Comandos 1-292
2021-07-03 21:32:05,053 INFO o.a.j.t.JMeterThread: Thread finished: Teste Comandos 1-292
2021-07-03 21:32:05,160 INFO o.a.j.t.JMeterThread: Thread is done: Teste Comandos 1-243
2021-07-03 21:32:05,160 INFO o.a.j.t.JMeterThread: Thread finished: Teste Comandos 1-243
2021-07-03 21:32:05,208 INFO o.a.j.t.JMeterThread: Thread is done: Teste Comandos 1-55
2021-07-03 21:32:05,208 INFO o.a.j.t.JMeterThread: Thread finished: Teste Comandos 1-55
2021-07-03 21:32:05,349 INFO o.a.j.t.JMeterThread: Thread is done: Teste Comandos 1-38
2021-07-03 21:32:05,349 INFO o.a.j.t.JMeterThread: Thread finished: Teste Comandos 1-38
2021-07-03 21:32:05,363 INFO o.a.j.t.JMeterThread: Thread is done: Teste Comandos 1-204
2021-07-03 21:32:05,363 INFO o.a.j.t.JMeterThread: Thread finished: Teste Comandos 1-204
2021-07-03 21:32:05,383 INFO o.a.j.t.JMeterThread: Thread is done: Teste Comandos 1-15
2021-07-03 21:32:05,383 INFO o.a.j.t.JMeterThread: Thread finished: Teste Comandos 1-15
2021-07-03 21:32:05,403 INFO o.a.j.t.JMeterThread: Thread is done: Teste Comandos 1-281
2021-07-03 21:32:05,403 INFO o.a.j.t.JMeterThread: Thread finished: Teste Comandos 1-281
2021-07-03 21:32:05,598 INFO o.a.j.t.JMeterThread: Thread is done: Teste Comandos 1-61
2021-07-03 21:32:05,598 INFO o.a.j.t.JMeterThread: Thread finished: Teste Comandos 1-61
2021-07-03 21:32:05,598 INFO o.a.j.t.JMeterThread: Thread is done: Teste Comandos 1-76
2021-07-03 21:32:05,609 INFO o.a.j.t.JMeterThread: Thread finished: Teste Comandos 1-76
2021-07-03 21:32:05,774 INFO o.a.j.t.JMeterThread: Thread is done: Teste Comandos 1-69
2021-07-03 21:32:05,774 INFO o.a.j.t.JMeterThread: Thread finished: Teste Comandos 1-69
2021-07-03 21:32:05,824 INFO o.a.j.t.JMeterThread: Thread is done: Teste Comandos 1-126
2021-07-03 21:32:05,824 INFO o.a.j.t.JMeterThread: Thread finished: Teste Comandos 1-126
2021-07-03 21:32:05,861 INFO o.a.j.t.JMeterThread: Thread is done: Teste Comandos 1-263
2021-07-03 21:32:05,861 INFO o.a.j.t.JMeterThread: Thread finished: Teste Comandos 1-263
2021-07-03 21:32:05,868 INFO o.a.j.t.JMeterThread: Thread is done: Teste Comandos 1-158
2021-07-03 21:32:05,868 INFO o.a.j.t.JMeterThread: Thread finished: Teste Comandos 1-158
2021-07-03 21:32:06,045 INFO o.a.j.t.JMeterThread: Thread is done: Teste Comandos 1-201
2021-07-03 21:32:06,045 INFO o.a.j.t.JMeterThread: Thread finished: Teste Comandos 1-201
2021-07-03 21:32:06,049 INFO o.a.j.t.JMeterThread: Thread is done: Teste Comandos 1-154
2021-07-03 21:32:06,049 INFO o.a.j.t.JMeterThread: Thread finished: Teste Comandos 1-154
2021-07-03 21:32:06,063 INFO o.a.j.t.JMeterThread: Thread is done: Teste Comandos 1-108
2021-07-03 21:32:06,064 INFO o.a.j.t.JMeterThread: Thread finished: Teste Comandos 1-108
2021-07-03 21:32:06,073 INFO o.a.j.t.JMeterThread: Thread is done: Teste Comandos 1-168
2021-07-03 21:32:06,074 INFO o.a.j.t.JMeterThread: Thread finished: Teste Comandos 1-168
2021-07-03 21:32:06,210 INFO o.a.j.t.JMeterThread: Thread is done: Teste Comandos 1-81
2021-07-03 21:32:06,211 INFO o.a.j.t.JMeterThread: Thread finished: Teste Comandos 1-81
2021-07-03 21:32:06,243 INFO o.a.j.t.JMeterThread: Thread is done: Teste Comandos 1-2
2021-07-03 21:32:06,243 INFO o.a.j.t.JMeterThread: Thread finished: Teste Comandos 1-2
2021-07-03 21:32:06,339 INFO o.a.j.t.JMeterThread: Thread is done: Teste Comandos 1-216
2021-07-03 21:32:06,339 INFO o.a.j.t.JMeterThread: Thread finished: Teste Comandos 1-216
2021-07-03 21:32:06,344 INFO o.a.j.t.JMeterThread: Thread is done: Teste Comandos 1-145
2021-07-03 21:32:06,344 INFO o.a.j.t.JMeterThread: Thread finished: Teste Comandos 1-145
2021-07-03 21:32:06,604 INFO o.a.j.t.JMeterThread: Thread is done: Teste Comandos 1-160
2021-07-03 21:32:06,604 INFO o.a.j.t.JMeterThread: Thread finished: Teste Comandos 1-160
2021-07-03 21:32:06,613 INFO o.a.j.t.JMeterThread: Thread is done: Teste Comandos 1-191
2021-07-03 21:32:06,613 INFO o.a.j.t.JMeterThread: Thread finished: Teste Comandos 1-191
2021-07-03 21:32:06,646 INFO o.a.j.t.JMeterThread: Thread is done: Teste Comandos 1-129
2021-07-03 21:32:06,646 INFO o.a.j.t.JMeterThread: Thread finished: Teste Comandos 1-129
2021-07-03 21:32:06,839 INFO o.a.j.t.JMeterThread: Thread is done: Teste Comandos 1-293
2021-07-03 21:32:06,839 INFO o.a.j.t.JMeterThread: Thread finished: Teste Comandos 1-293
2021-07-03 21:32:06,973 INFO o.a.j.t.JMeterThread: Thread is done: Teste Comandos 1-50
2021-07-03 21:32:06,973 INFO o.a.j.t.JMeterThread: Thread finished: Teste Comandos 1-50
2021-07-03 21:32:06,989 INFO o.a.j.t.JMeterThread: Thread is done: Teste Comandos 1-164
2021-07-03 21:32:06,989 INFO o.a.j.t.JMeterThread: Thread finished: Teste Comandos 1-164
2021-07-03 21:32:07,088 INFO o.a.j.t.JMeterThread: Thread is done: Teste Comandos 1-42
2021-07-03 21:32:07,088 INFO o.a.j.t.JMeterThread: Thread finished: Teste Comandos 1-42
2021-07-03 21:32:07,163 INFO o.a.j.t.JMeterThread: Thread is done: Teste Comandos 1-123
2021-07-03 21:32:07,163 INFO o.a.j.t.JMeterThread: Thread finished: Teste Comandos 1-123
2021-07-03 21:32:07,169 INFO o.a.j.t.JMeterThread: Thread is done: Teste Comandos 1-78
2021-07-03 21:32:07,169 INFO o.a.j.t.JMeterThread: Thread finished: Teste Comandos 1-78
2021-07-03 21:32:07,198 INFO o.a.j.t.JMeterThread: Thread is done: Teste Comandos 1-28
2021-07-03 21:32:07,198 INFO o.a.j.t.JMeterThread: Thread finished: Teste Comandos 1-28
2021-07-03 21:32:07,223 INFO o.a.j.t.JMeterThread: Thread is done: Teste Comandos 1-72
2021-07-03 21:32:07,223 INFO o.a.j.t.JMeterThread: Thread finished: Teste Comandos 1-72
2021-07-03 21:32:07,258 INFO o.a.j.t.JMeterThread: Thread is done: Teste Comandos 1-70
2021-07-03 21:32:07,258 INFO o.a.j.t.JMeterThread: Thread finished: Teste Comandos 1-70
2021-07-03 21:32:07,273 INFO o.a.j.t.JMeterThread: Thread is done: Teste Comandos 1-262
2021-07-03 21:32:07,273 INFO o.a.j.t.JMeterThread: Thread finished: Teste Comandos 1-262
2021-07-03 21:32:07,292 INFO o.a.j.t.JMeterThread: Thread is done: Teste Comandos 1-282
2021-07-03 21:32:07,292 INFO o.a.j.t.JMeterThread: Thread finished: Teste Comandos 1-282
2021-07-03 21:32:07,338 INFO o.a.j.t.JMeterThread: Thread is done: Teste Comandos 1-115
2021-07-03 21:32:07,338 INFO o.a.j.t.JMeterThread: Thread finished: Teste Comandos 1-115
2021-07-03 21:32:07,428 INFO o.a.j.t.JMeterThread: Thread is done: Teste Comandos 1-119
2021-07-03 21:32:07,428 INFO o.a.j.t.JMeterThread: Thread finished: Teste Comandos 1-119
2021-07-03 21:32:07,448 INFO o.a.j.t.JMeterThread: Thread is done: Teste Comandos 1-32
2021-07-03 21:32:07,448 INFO o.a.j.t.JMeterThread: Thread finished: Teste Comandos 1-32
2021-07-03 21:32:07,468 INFO o.a.j.t.JMeterThread: Thread is done: Teste Comandos 1-106
2021-07-03 21:32:07,468 INFO o.a.j.t.JMeterThread: Thread finished: Teste Comandos 1-106
2021-07-03 21:32:07,495 INFO o.a.j.t.JMeterThread: Thread is done: Teste Comandos 1-66
2021-07-03 21:32:07,495 INFO o.a.j.t.JMeterThread: Thread finished: Teste Comandos 1-66
2021-07-03 21:32:07,584 INFO o.a.j.t.JMeterThread: Thread is done: Teste Comandos 1-239
2021-07-03 21:32:07,584 INFO o.a.j.t.JMeterThread: Thread finished: Teste Comandos 1-239
2021-07-03 21:32:07,628 INFO o.a.j.t.JMeterThread: Thread is done: Teste Comandos 1-240
2021-07-03 21:32:07,628 INFO o.a.j.t.JMeterThread: Thread finished: Teste Comandos 1-240
2021-07-03 21:32:07,758 INFO o.a.j.t.JMeterThread: Thread is done: Teste Comandos 1-101
2021-07-03 21:32:07,758 INFO o.a.j.t.JMeterThread: Thread finished: Teste Comandos 1-101
2021-07-03 21:32:07,831 INFO o.a.j.t.JMeterThread: Thread is done: Teste Comandos 1-104
2021-07-03 21:32:07,831 INFO o.a.j.t.JMeterThread: Thread finished: Teste Comandos 1-104
2021-07-03 21:32:07,968 INFO o.a.j.t.JMeterThread: Thread is done: Teste Comandos 1-134
2021-07-03 21:32:07,973 INFO o.a.j.t.JMeterThread: Thread finished: Teste Comandos 1-134
2021-07-03 21:32:07,973 INFO o.a.j.t.JMeterThread: Thread is done: Teste Comandos 1-39
2021-07-03 21:32:07,973 INFO o.a.j.t.JMeterThread: Thread finished: Teste Comandos 1-39
2021-07-03 21:32:08,108 INFO o.a.j.t.JMeterThread: Thread is done: Teste Comandos 1-3
2021-07-03 21:32:08,108 INFO o.a.j.t.JMeterThread: Thread finished: Teste Comandos 1-3
2021-07-03 21:32:08,248 INFO o.a.j.t.JMeterThread: Thread is done: Teste Comandos 1-92
2021-07-03 21:32:08,248 INFO o.a.j.t.JMeterThread: Thread finished: Teste Comandos 1-92
2021-07-03 21:32:08,259 INFO o.a.j.t.JMeterThread: Thread is done: Teste Comandos 1-220
2021-07-03 21:32:08,259 INFO o.a.j.t.JMeterThread: Thread finished: Teste Comandos 1-220
2021-07-03 21:32:08,376 INFO o.a.j.t.JMeterThread: Thread is done: Teste Comandos 1-9
2021-07-03 21:32:08,376 INFO o.a.j.t.JMeterThread: Thread finished: Teste Comandos 1-9
2021-07-03 21:32:08,548 INFO o.a.j.t.JMeterThread: Thread is done: Teste Comandos 1-153
2021-07-03 21:32:08,548 INFO o.a.j.t.JMeterThread: Thread finished: Teste Comandos 1-153
2021-07-03 21:32:08,753 INFO o.a.j.t.JMeterThread: Thread is done: Teste Comandos 1-6
2021-07-03 21:32:08,753 INFO o.a.j.t.JMeterThread: Thread finished: Teste Comandos 1-6
2021-07-03 21:32:08,763 INFO o.a.j.t.JMeterThread: Thread is done: Teste Comandos 1-198
2021-07-03 21:32:08,763 INFO o.a.j.t.JMeterThread: Thread finished: Teste Comandos 1-198
2021-07-03 21:32:08,773 INFO o.a.j.t.JMeterThread: Thread is done: Teste Comandos 1-110
2021-07-03 21:32:08,773 INFO o.a.j.t.JMeterThread: Thread finished: Teste Comandos 1-110
2021-07-03 21:32:08,848 INFO o.a.j.t.JMeterThread: Thread is done: Teste Comandos 1-254
2021-07-03 21:32:08,848 INFO o.a.j.t.JMeterThread: Thread finished: Teste Comandos 1-254
2021-07-03 21:32:08,924 INFO o.a.j.t.JMeterThread: Thread is done: Teste Comandos 1-297
2021-07-03 21:32:08,924 INFO o.a.j.t.JMeterThread: Thread finished: Teste Comandos 1-297
2021-07-03 21:32:09,018 INFO o.a.j.t.JMeterThread: Thread is done: Teste Comandos 1-187
2021-07-03 21:32:09,018 INFO o.a.j.t.JMeterThread: Thread finished: Teste Comandos 1-187
2021-07-03 21:32:09,018 INFO o.a.j.t.JMeterThread: Thread is done: Teste Comandos 1-163
2021-07-03 21:32:09,018 INFO o.a.j.t.JMeterThread: Thread finished: Teste Comandos 1-163
2021-07-03 21:32:09,158 INFO o.a.j.t.JMeterThread: Thread is done: Teste Comandos 1-102
2021-07-03 21:32:09,158 INFO o.a.j.t.JMeterThread: Thread finished: Teste Comandos 1-102
2021-07-03 21:32:09,298 INFO o.a.j.t.JMeterThread: Thread is done: Teste Comandos 1-176
2021-07-03 21:32:09,298 INFO o.a.j.t.JMeterThread: Thread finished: Teste Comandos 1-176
2021-07-03 21:32:09,308 INFO o.a.j.t.JMeterThread: Thread is done: Teste Comandos 1-202
2021-07-03 21:32:09,308 INFO o.a.j.t.JMeterThread: Thread finished: Teste Comandos 1-202
2021-07-03 21:32:09,353 INFO o.a.j.t.JMeterThread: Thread is done: Teste Comandos 1-97
2021-07-03 21:32:09,353 INFO o.a.j.t.JMeterThread: Thread finished: Teste Comandos 1-97
2021-07-03 21:32:09,378 INFO o.a.j.t.JMeterThread: Thread is done: Teste Comandos 1-19
2021-07-03 21:32:09,378 INFO o.a.j.t.JMeterThread: Thread finished: Teste Comandos 1-19
2021-07-03 21:32:09,378 INFO o.a.j.t.JMeterThread: Thread is done: Teste Comandos 1-24
2021-07-03 21:32:09,378 INFO o.a.j.t.JMeterThread: Thread finished: Teste Comandos 1-24
2021-07-03 21:32:09,498 INFO o.a.j.t.JMeterThread: Thread is done: Teste Comandos 1-142
2021-07-03 21:32:09,498 INFO o.a.j.t.JMeterThread: Thread finished: Teste Comandos 1-142
2021-07-03 21:32:09,518 INFO o.a.j.t.JMeterThread: Thread is done: Teste Comandos 1-116
2021-07-03 21:32:09,518 INFO o.a.j.t.JMeterThread: Thread finished: Teste Comandos 1-116
2021-07-03 21:32:09,538 INFO o.a.j.t.JMeterThread: Thread is done: Teste Comandos 1-261
2021-07-03 21:32:09,538 INFO o.a.j.t.JMeterThread: Thread finished: Teste Comandos 1-261
2021-07-03 21:32:09,553 INFO o.a.j.t.JMeterThread: Thread is done: Teste Comandos 1-43
2021-07-03 21:32:09,553 INFO o.a.j.t.JMeterThread: Thread finished: Teste Comandos 1-43
2021-07-03 21:32:09,553 INFO o.a.j.t.JMeterThread: Thread is done: Teste Comandos 1-250
2021-07-03 21:32:09,553 INFO o.a.j.t.JMeterThread: Thread finished: Teste Comandos 1-250
2021-07-03 21:32:09,598 INFO o.a.j.t.JMeterThread: Thread is done: Teste Comandos 1-65
2021-07-03 21:32:09,598 INFO o.a.j.t.JMeterThread: Thread finished: Teste Comandos 1-65
2021-07-03 21:32:09,598 INFO o.a.j.t.JMeterThread: Thread is done: Teste Comandos 1-300
2021-07-03 21:32:09,598 INFO o.a.j.t.JMeterThread: Thread finished: Teste Comandos 1-300
2021-07-03 21:32:09,608 INFO o.a.j.t.JMeterThread: Thread is done: Teste Comandos 1-18
2021-07-03 21:32:09,608 INFO o.a.j.t.JMeterThread: Thread finished: Teste Comandos 1-18
2021-07-03 21:32:09,623 INFO o.a.j.t.JMeterThread: Thread is done: Teste Comandos 1-289
2021-07-03 21:32:09,623 INFO o.a.j.t.JMeterThread: Thread finished: Teste Comandos 1-289
2021-07-03 21:32:09,638 INFO o.a.j.t.JMeterThread: Thread is done: Teste Comandos 1-26
2021-07-03 21:32:09,638 INFO o.a.j.t.JMeterThread: Thread finished: Teste Comandos 1-26
2021-07-03 21:32:09,688 INFO o.a.j.t.JMeterThread: Thread is done: Teste Comandos 1-74
2021-07-03 21:32:09,688 INFO o.a.j.t.JMeterThread: Thread finished: Teste Comandos 1-74
2021-07-03 21:32:09,808 INFO o.a.j.t.JMeterThread: Thread is done: Teste Comandos 1-93
2021-07-03 21:32:09,808 INFO o.a.j.t.JMeterThread: Thread finished: Teste Comandos 1-93
2021-07-03 21:32:09,828 INFO o.a.j.t.JMeterThread: Thread is done: Teste Comandos 1-147
2021-07-03 21:32:09,828 INFO o.a.j.t.JMeterThread: Thread finished: Teste Comandos 1-147
2021-07-03 21:32:09,828 INFO o.a.j.t.JMeterThread: Thread is done: Teste Comandos 1-152
2021-07-03 21:32:09,828 INFO o.a.j.t.JMeterThread: Thread finished: Teste Comandos 1-152
2021-07-03 21:32:09,838 INFO o.a.j.t.JMeterThread: Thread is done: Teste Comandos 1-144
2021-07-03 21:32:09,838 INFO o.a.j.t.JMeterThread: Thread finished: Teste Comandos 1-144
2021-07-03 21:32:09,878 INFO o.a.j.t.JMeterThread: Thread is done: Teste Comandos 1-41
2021-07-03 21:32:09,878 INFO o.a.j.t.JMeterThread: Thread finished: Teste Comandos 1-41
2021-07-03 21:32:09,878 INFO o.a.j.t.JMeterThread: Thread is done: Teste Comandos 1-288
2021-07-03 21:32:09,878 INFO o.a.j.t.JMeterThread: Thread finished: Teste Comandos 1-288
2021-07-03 21:32:09,908 INFO o.a.j.t.JMeterThread: Thread is done: Teste Comandos 1-266
2021-07-03 21:32:09,908 INFO o.a.j.t.JMeterThread: Thread finished: Teste Comandos 1-266
2021-07-03 21:32:09,931 INFO o.a.j.t.JMeterThread: Thread is done: Teste Comandos 1-226
2021-07-03 21:32:09,931 INFO o.a.j.t.JMeterThread: Thread finished: Teste Comandos 1-226
2021-07-03 21:32:09,979 INFO o.a.j.t.JMeterThread: Thread is done: Teste Comandos 1-257
2021-07-03 21:32:09,979 INFO o.a.j.t.JMeterThread: Thread finished: Teste Comandos 1-257
2021-07-03 21:32:10,018 INFO o.a.j.t.JMeterThread: Thread is done: Teste Comandos 1-105
2021-07-03 21:32:10,018 INFO o.a.j.t.JMeterThread: Thread finished: Teste Comandos 1-105
2021-07-03 21:32:10,038 INFO o.a.j.t.JMeterThread: Thread is done: Teste Comandos 1-7
2021-07-03 21:32:10,038 INFO o.a.j.t.JMeterThread: Thread finished: Teste Comandos 1-7
2021-07-03 21:32:10,059 INFO o.a.j.t.JMeterThread: Thread is done: Teste Comandos 1-207
2021-07-03 21:32:10,059 INFO o.a.j.t.JMeterThread: Thread finished: Teste Comandos 1-207
2021-07-03 21:32:10,059 INFO o.a.j.t.JMeterThread: Thread is done: Teste Comandos 1-4
2021-07-03 21:32:10,059 INFO o.a.j.t.JMeterThread: Thread finished: Teste Comandos 1-4
2021-07-03 21:32:10,078 INFO o.a.j.t.JMeterThread: Thread is done: Teste Comandos 1-234
2021-07-03 21:32:10,078 INFO o.a.j.t.JMeterThread: Thread finished: Teste Comandos 1-234
2021-07-03 21:32:10,078 INFO o.a.j.t.JMeterThread: Thread is done: Teste Comandos 1-59
2021-07-03 21:32:10,078 INFO o.a.j.t.JMeterThread: Thread finished: Teste Comandos 1-59
2021-07-03 21:32:10,098 INFO o.a.j.t.JMeterThread: Thread is done: Teste Comandos 1-113
2021-07-03 21:32:10,098 INFO o.a.j.t.JMeterThread: Thread finished: Teste Comandos 1-113
2021-07-03 21:32:10,159 INFO o.a.j.t.JMeterThread: Thread is done: Teste Comandos 1-255
2021-07-03 21:32:10,159 INFO o.a.j.t.JMeterThread: Thread finished: Teste Comandos 1-255
2021-07-03 21:32:10,218 INFO o.a.j.t.JMeterThread: Thread is done: Teste Comandos 1-64
2021-07-03 21:32:10,218 INFO o.a.j.t.JMeterThread: Thread finished: Teste Comandos 1-64
2021-07-03 21:32:10,228 INFO o.a.j.t.JMeterThread: Thread is done: Teste Comandos 1-283
2021-07-03 21:32:10,228 INFO o.a.j.t.JMeterThread: Thread finished: Teste Comandos 1-283
2021-07-03 21:32:10,298 INFO o.a.j.t.JMeterThread: Thread is done: Teste Comandos 1-45
2021-07-03 21:32:10,298 INFO o.a.j.t.JMeterThread: Thread finished: Teste Comandos 1-45
2021-07-03 21:32:10,483 INFO o.a.j.t.JMeterThread: Thread is done: Teste Comandos 1-95
2021-07-03 21:32:10,483 INFO o.a.j.t.JMeterThread: Thread finished: Teste Comandos 1-95
2021-07-03 21:32:10,508 INFO o.a.j.t.JMeterThread: Thread is done: Teste Comandos 1-197
2021-07-03 21:32:10,508 INFO o.a.j.t.JMeterThread: Thread finished: Teste Comandos 1-197
2021-07-03 21:32:10,528 INFO o.a.j.t.JMeterThread: Thread is done: Teste Comandos 1-33
2021-07-03 21:32:10,528 INFO o.a.j.t.JMeterThread: Thread finished: Teste Comandos 1-33
2021-07-03 21:32:10,538 INFO o.a.j.t.JMeterThread: Thread is done: Teste Comandos 1-200
2021-07-03 21:32:10,538 INFO o.a.j.t.JMeterThread: Thread finished: Teste Comandos 1-200
2021-07-03 21:32:10,588 INFO o.a.j.t.JMeterThread: Thread is done: Teste Comandos 1-84
2021-07-03 21:32:10,588 INFO o.a.j.t.JMeterThread: Thread finished: Teste Comandos 1-84
2021-07-03 21:32:10,598 INFO o.a.j.t.JMeterThread: Thread is done: Teste Comandos 1-20
2021-07-03 21:32:10,598 INFO o.a.j.t.JMeterThread: Thread finished: Teste Comandos 1-20
2021-07-03 21:32:10,608 INFO o.a.j.t.JMeterThread: Thread is done: Teste Comandos 1-258
2021-07-03 21:32:10,608 INFO o.a.j.t.JMeterThread: Thread finished: Teste Comandos 1-258
2021-07-03 21:32:10,618 INFO o.a.j.t.JMeterThread: Thread is done: Teste Comandos 1-71
2021-07-03 21:32:10,618 INFO o.a.j.t.JMeterThread: Thread finished: Teste Comandos 1-71
2021-07-03 21:32:10,668 INFO o.a.j.t.JMeterThread: Thread is done: Teste Comandos 1-279
2021-07-03 21:32:10,668 INFO o.a.j.t.JMeterThread: Thread finished: Teste Comandos 1-279
2021-07-03 21:32:10,668 INFO o.a.j.t.JMeterThread: Thread is done: Teste Comandos 1-54
2021-07-03 21:32:10,668 INFO o.a.j.t.JMeterThread: Thread finished: Teste Comandos 1-54
2021-07-03 21:32:10,698 INFO o.a.j.t.JMeterThread: Thread is done: Teste Comandos 1-58
2021-07-03 21:32:10,698 INFO o.a.j.t.JMeterThread: Thread finished: Teste Comandos 1-58
2021-07-03 21:32:10,738 INFO o.a.j.t.JMeterThread: Thread is done: Teste Comandos 1-171
2021-07-03 21:32:10,738 INFO o.a.j.t.JMeterThread: Thread finished: Teste Comandos 1-171
2021-07-03 21:32:10,748 INFO o.a.j.t.JMeterThread: Thread is done: Teste Comandos 1-22
2021-07-03 21:32:10,748 INFO o.a.j.t.JMeterThread: Thread finished: Teste Comandos 1-22
2021-07-03 21:32:10,748 INFO o.a.j.t.JMeterThread: Thread is done: Teste Comandos 1-13
2021-07-03 21:32:10,748 INFO o.a.j.t.JMeterThread: Thread finished: Teste Comandos 1-13
2021-07-03 21:32:10,748 INFO o.a.j.t.JMeterThread: Thread is done: Teste Comandos 1-51
2021-07-03 21:32:10,748 INFO o.a.j.t.JMeterThread: Thread finished: Teste Comandos 1-51
2021-07-03 21:32:10,788 INFO o.a.j.t.JMeterThread: Thread is done: Teste Comandos 1-80
2021-07-03 21:32:10,788 INFO o.a.j.t.JMeterThread: Thread finished: Teste Comandos 1-80
2021-07-03 21:32:10,878 INFO o.a.j.t.JMeterThread: Thread is done: Teste Comandos 1-77
2021-07-03 21:32:10,878 INFO o.a.j.t.JMeterThread: Thread finished: Teste Comandos 1-77
2021-07-03 21:32:10,883 INFO o.a.j.t.JMeterThread: Thread is done: Teste Comandos 1-73
2021-07-03 21:32:10,883 INFO o.a.j.t.JMeterThread: Thread finished: Teste Comandos 1-73
2021-07-03 21:32:10,928 INFO o.a.j.t.JMeterThread: Thread is done: Teste Comandos 1-139
2021-07-03 21:32:10,928 INFO o.a.j.t.JMeterThread: Thread finished: Teste Comandos 1-139
2021-07-03 21:32:10,928 INFO o.a.j.t.JMeterThread: Thread is done: Teste Comandos 1-211
2021-07-03 21:32:10,928 INFO o.a.j.t.JMeterThread: Thread finished: Teste Comandos 1-211
2021-07-03 21:32:10,948 INFO o.a.j.t.JMeterThread: Thread is done: Teste Comandos 1-156
2021-07-03 21:32:10,958 INFO o.a.j.t.JMeterThread: Thread finished: Teste Comandos 1-156
2021-07-03 21:32:10,988 INFO o.a.j.t.JMeterThread: Thread is done: Teste Comandos 1-170
2021-07-03 21:32:10,988 INFO o.a.j.t.JMeterThread: Thread finished: Teste Comandos 1-170
2021-07-03 21:32:10,988 INFO o.a.j.t.JMeterThread: Thread is done: Teste Comandos 1-249
2021-07-03 21:32:10,988 INFO o.a.j.t.JMeterThread: Thread finished: Teste Comandos 1-249
2021-07-03 21:32:11,003 INFO o.a.j.t.JMeterThread: Thread is done: Teste Comandos 1-83
2021-07-03 21:32:11,003 INFO o.a.j.t.JMeterThread: Thread finished: Teste Comandos 1-83
2021-07-03 21:32:11,014 INFO o.a.j.t.JMeterThread: Thread is done: Teste Comandos 1-265
2021-07-03 21:32:11,014 INFO o.a.j.t.JMeterThread: Thread finished: Teste Comandos 1-265
2021-07-03 21:32:11,023 INFO o.a.j.t.JMeterThread: Thread is done: Teste Comandos 1-195
2021-07-03 21:32:11,023 INFO o.a.j.t.JMeterThread: Thread finished: Teste Comandos 1-195
2021-07-03 21:32:11,040 INFO o.a.j.t.JMeterThread: Thread is done: Teste Comandos 1-114
2021-07-03 21:32:11,040 INFO o.a.j.t.JMeterThread: Thread finished: Teste Comandos 1-114
2021-07-03 21:32:11,059 INFO o.a.j.t.JMeterThread: Thread is done: Teste Comandos 1-112
2021-07-03 21:32:11,059 INFO o.a.j.t.JMeterThread: Thread finished: Teste Comandos 1-112
2021-07-03 21:32:11,068 INFO o.a.j.t.JMeterThread: Thread is done: Teste Comandos 1-280
2021-07-03 21:32:11,068 INFO o.a.j.t.JMeterThread: Thread finished: Teste Comandos 1-280
2021-07-03 21:32:11,098 INFO o.a.j.t.JMeterThread: Thread is done: Teste Comandos 1-82
2021-07-03 21:32:11,098 INFO o.a.j.t.JMeterThread: Thread finished: Teste Comandos 1-82
2021-07-03 21:32:11,108 INFO o.a.j.t.JMeterThread: Thread is done: Teste Comandos 1-117
2021-07-03 21:32:11,108 INFO o.a.j.t.JMeterThread: Thread finished: Teste Comandos 1-117
2021-07-03 21:32:11,108 INFO o.a.j.t.JMeterThread: Thread is done: Teste Comandos 1-111
2021-07-03 21:32:11,108 INFO o.a.j.t.JMeterThread: Thread finished: Teste Comandos 1-111
2021-07-03 21:32:11,108 INFO o.a.j.t.JMeterThread: Thread is done: Teste Comandos 1-188
2021-07-03 21:32:11,108 INFO o.a.j.t.JMeterThread: Thread finished: Teste Comandos 1-188
2021-07-03 21:32:11,118 INFO o.a.j.t.JMeterThread: Thread is done: Teste Comandos 1-36
2021-07-03 21:32:11,118 INFO o.a.j.t.JMeterThread: Thread finished: Teste Comandos 1-36
2021-07-03 21:32:11,128 INFO o.a.j.t.JMeterThread: Thread is done: Teste Comandos 1-194
2021-07-03 21:32:11,128 INFO o.a.j.t.JMeterThread: Thread finished: Teste Comandos 1-194
2021-07-03 21:32:11,163 INFO o.a.j.t.JMeterThread: Thread is done: Teste Comandos 1-99
2021-07-03 21:32:11,163 INFO o.a.j.t.JMeterThread: Thread finished: Teste Comandos 1-99
2021-07-03 21:32:11,168 INFO o.a.j.t.JMeterThread: Thread is done: Teste Comandos 1-52
2021-07-03 21:32:11,168 INFO o.a.j.t.JMeterThread: Thread finished: Teste Comandos 1-52
2021-07-03 21:32:11,178 INFO o.a.j.t.JMeterThread: Thread is done: Teste Comandos 1-199
2021-07-03 21:32:11,178 INFO o.a.j.t.JMeterThread: Thread finished: Teste Comandos 1-199
2021-07-03 21:32:11,193 INFO o.a.j.t.JMeterThread: Thread is done: Teste Comandos 1-217
2021-07-03 21:32:11,193 INFO o.a.j.t.JMeterThread: Thread finished: Teste Comandos 1-217
2021-07-03 21:32:11,198 INFO o.a.j.t.JMeterThread: Thread is done: Teste Comandos 1-150
2021-07-03 21:32:11,198 INFO o.a.j.t.JMeterThread: Thread finished: Teste Comandos 1-150
2021-07-03 21:32:11,198 INFO o.a.j.t.JMeterThread: Thread is done: Teste Comandos 1-270
2021-07-03 21:32:11,198 INFO o.a.j.t.JMeterThread: Thread finished: Teste Comandos 1-270
2021-07-03 21:32:11,198 INFO o.a.j.t.JMeterThread: Thread is done: Teste Comandos 1-245
2021-07-03 21:32:11,198 INFO o.a.j.t.JMeterThread: Thread finished: Teste Comandos 1-245
2021-07-03 21:32:11,259 INFO o.a.j.t.JMeterThread: Thread is done: Teste Comandos 1-294
2021-07-03 21:32:11,259 INFO o.a.j.t.JMeterThread: Thread finished: Teste Comandos 1-294
2021-07-03 21:32:11,298 INFO o.a.j.t.JMeterThread: Thread is done: Teste Comandos 1-192
2021-07-03 21:32:11,298 INFO o.a.j.t.JMeterThread: Thread finished: Teste Comandos 1-192
2021-07-03 21:32:11,298 INFO o.a.j.t.JMeterThread: Thread is done: Teste Comandos 1-167
2021-07-03 21:32:11,298 INFO o.a.j.t.JMeterThread: Thread finished: Teste Comandos 1-167
2021-07-03 21:32:11,318 INFO o.a.j.t.JMeterThread: Thread is done: Teste Comandos 1-230
2021-07-03 21:32:11,318 INFO o.a.j.t.JMeterThread: Thread finished: Teste Comandos 1-230
2021-07-03 21:32:11,328 INFO o.a.j.t.JMeterThread: Thread is done: Teste Comandos 1-221
2021-07-03 21:32:11,328 INFO o.a.j.t.JMeterThread: Thread finished: Teste Comandos 1-221
2021-07-03 21:32:11,328 INFO o.a.j.t.JMeterThread: Thread is done: Teste Comandos 1-241
2021-07-03 21:32:11,328 INFO o.a.j.t.JMeterThread: Thread finished: Teste Comandos 1-241
2021-07-03 21:32:11,360 INFO o.a.j.t.JMeterThread: Thread is done: Teste Comandos 1-140
2021-07-03 21:32:11,360 INFO o.a.j.t.JMeterThread: Thread finished: Teste Comandos 1-140
2021-07-03 21:32:11,429 INFO o.a.j.t.JMeterThread: Thread is done: Teste Comandos 1-132
2021-07-03 21:32:11,429 INFO o.a.j.t.JMeterThread: Thread finished: Teste Comandos 1-132
2021-07-03 21:32:11,448 INFO o.a.j.t.JMeterThread: Thread is done: Teste Comandos 1-285
2021-07-03 21:32:11,448 INFO o.a.j.t.JMeterThread: Thread finished: Teste Comandos 1-285
2021-07-03 21:32:11,559 INFO o.a.j.t.JMeterThread: Thread is done: Teste Comandos 1-121
2021-07-03 21:32:11,559 INFO o.a.j.t.JMeterThread: Thread finished: Teste Comandos 1-121
2021-07-03 21:32:11,619 INFO o.a.j.t.JMeterThread: Thread is done: Teste Comandos 1-75
2021-07-03 21:32:11,619 INFO o.a.j.t.JMeterThread: Thread finished: Teste Comandos 1-75
2021-07-03 21:32:11,778 INFO o.a.j.t.JMeterThread: Thread is done: Teste Comandos 1-179
2021-07-03 21:32:11,778 INFO o.a.j.t.JMeterThread: Thread finished: Teste Comandos 1-179
2021-07-03 21:32:11,828 INFO o.a.j.t.JMeterThread: Thread is done: Teste Comandos 1-25
2021-07-03 21:32:11,828 INFO o.a.j.t.JMeterThread: Thread finished: Teste Comandos 1-25
2021-07-03 21:32:11,888 INFO o.a.j.t.JMeterThread: Thread is done: Teste Comandos 1-273
2021-07-03 21:32:11,888 INFO o.a.j.t.JMeterThread: Thread finished: Teste Comandos 1-273
2021-07-03 21:32:11,998 INFO o.a.j.t.JMeterThread: Thread is done: Teste Comandos 1-21
2021-07-03 21:32:11,998 INFO o.a.j.t.JMeterThread: Thread finished: Teste Comandos 1-21
2021-07-03 21:32:12,048 INFO o.a.j.t.JMeterThread: Thread is done: Teste Comandos 1-229
2021-07-03 21:32:12,048 INFO o.a.j.t.JMeterThread: Thread finished: Teste Comandos 1-229
2021-07-03 21:32:12,479 INFO o.a.j.t.JMeterThread: Thread is done: Teste Comandos 1-248
2021-07-03 21:32:12,479 INFO o.a.j.t.JMeterThread: Thread finished: Teste Comandos 1-248
2021-07-03 21:32:12,538 INFO o.a.j.t.JMeterThread: Thread is done: Teste Comandos 1-86
2021-07-03 21:32:12,538 INFO o.a.j.t.JMeterThread: Thread finished: Teste Comandos 1-86
2021-07-03 21:32:12,709 INFO o.a.j.t.JMeterThread: Thread is done: Teste Comandos 1-269
2021-07-03 21:32:12,709 INFO o.a.j.t.JMeterThread: Thread finished: Teste Comandos 1-269
2021-07-03 21:32:14,498 INFO o.a.j.t.JMeterThread: Thread is done: Teste Comandos 1-189
2021-07-03 21:32:14,498 INFO o.a.j.t.JMeterThread: Thread finished: Teste Comandos 1-189
2021-07-03 21:32:23,978 INFO o.a.j.t.JMeterThread: Thread is done: Teste Comandos 1-233
2021-07-03 21:32:23,978 INFO o.a.j.t.JMeterThread: Thread finished: Teste Comandos 1-233
2021-07-03 21:32:29,674 INFO o.a.j.t.JMeterThread: Thread is done: Teste Comandos 1-79
2021-07-03 21:32:29,674 INFO o.a.j.t.JMeterThread: Thread finished: Teste Comandos 1-79
2021-07-03 21:32:30,386 INFO o.a.j.r.Summariser: summary +    500 in 00:00:30 =   16.5/s Avg:  7392 Min:   222 Max: 39421 Err:     0 (0.00%) Active: 90 Started: 300 Finished: 210
2021-07-03 21:32:30,388 INFO o.a.j.r.Summariser: summary =    794 in 00:00:40 =   20.0/s Avg:  6648 Min:   222 Max: 39421 Err:     0 (0.00%)
2021-07-03 21:32:30,461 INFO o.a.j.t.JMeterThread: Thread is done: Teste Comandos 1-287
2021-07-03 21:32:30,461 INFO o.a.j.t.JMeterThread: Thread finished: Teste Comandos 1-287
2021-07-03 21:32:30,663 INFO o.a.j.t.JMeterThread: Thread is done: Teste Comandos 1-175
2021-07-03 21:32:30,663 INFO o.a.j.t.JMeterThread: Thread finished: Teste Comandos 1-175
2021-07-03 21:32:30,710 INFO o.a.j.t.JMeterThread: Thread is done: Teste Comandos 1-298
2021-07-03 21:32:30,710 INFO o.a.j.t.JMeterThread: Thread finished: Teste Comandos 1-298
2021-07-03 21:32:30,711 INFO o.a.j.t.JMeterThread: Thread is done: Teste Comandos 1-130
2021-07-03 21:32:30,711 INFO o.a.j.t.JMeterThread: Thread finished: Teste Comandos 1-130
2021-07-03 21:32:30,804 INFO o.a.j.t.JMeterThread: Thread is done: Teste Comandos 1-47
2021-07-03 21:32:30,804 INFO o.a.j.t.JMeterThread: Thread finished: Teste Comandos 1-47
2021-07-03 21:32:30,869 INFO o.a.j.t.JMeterThread: Thread is done: Teste Comandos 1-10
2021-07-03 21:32:30,869 INFO o.a.j.t.JMeterThread: Thread finished: Teste Comandos 1-10
2021-07-03 21:32:30,884 INFO o.a.j.t.JMeterThread: Thread is done: Teste Comandos 1-205
2021-07-03 21:32:30,884 INFO o.a.j.t.JMeterThread: Thread finished: Teste Comandos 1-205
2021-07-03 21:32:30,946 INFO o.a.j.t.JMeterThread: Thread is done: Teste Comandos 1-87
2021-07-03 21:32:30,946 INFO o.a.j.t.JMeterThread: Thread finished: Teste Comandos 1-87
2021-07-03 21:32:30,962 INFO o.a.j.t.JMeterThread: Thread is done: Teste Comandos 1-53
2021-07-03 21:32:30,962 INFO o.a.j.t.JMeterThread: Thread finished: Teste Comandos 1-53
2021-07-03 21:32:31,054 INFO o.a.j.t.JMeterThread: Thread is done: Teste Comandos 1-260
2021-07-03 21:32:31,054 INFO o.a.j.t.JMeterThread: Thread finished: Teste Comandos 1-260
2021-07-03 21:32:31,054 INFO o.a.j.t.JMeterThread: Thread is done: Teste Comandos 1-222
2021-07-03 21:32:31,054 INFO o.a.j.t.JMeterThread: Thread finished: Teste Comandos 1-222
2021-07-03 21:32:31,070 INFO o.a.j.t.JMeterThread: Thread is done: Teste Comandos 1-159
2021-07-03 21:32:31,070 INFO o.a.j.t.JMeterThread: Thread finished: Teste Comandos 1-159
2021-07-03 21:32:31,084 INFO o.a.j.t.JMeterThread: Thread is done: Teste Comandos 1-137
2021-07-03 21:32:31,084 INFO o.a.j.t.JMeterThread: Thread finished: Teste Comandos 1-137
2021-07-03 21:32:31,099 INFO o.a.j.t.JMeterThread: Thread is done: Teste Comandos 1-23
2021-07-03 21:32:31,099 INFO o.a.j.t.JMeterThread: Thread finished: Teste Comandos 1-23
2021-07-03 21:32:31,208 INFO o.a.j.t.JMeterThread: Thread is done: Teste Comandos 1-12
2021-07-03 21:32:31,208 INFO o.a.j.t.JMeterThread: Thread finished: Teste Comandos 1-12
2021-07-03 21:32:31,223 INFO o.a.j.t.JMeterThread: Thread is done: Teste Comandos 1-218
2021-07-03 21:32:31,223 INFO o.a.j.t.JMeterThread: Thread finished: Teste Comandos 1-218
2021-07-03 21:32:31,238 INFO o.a.j.t.JMeterThread: Thread is done: Teste Comandos 1-296
2021-07-03 21:32:31,238 INFO o.a.j.t.JMeterThread: Thread is done: Teste Comandos 1-166
2021-07-03 21:32:31,238 INFO o.a.j.t.JMeterThread: Thread finished: Teste Comandos 1-296
2021-07-03 21:32:31,239 INFO o.a.j.t.JMeterThread: Thread finished: Teste Comandos 1-166
2021-07-03 21:32:31,239 INFO o.a.j.t.JMeterThread: Thread is done: Teste Comandos 1-271
2021-07-03 21:32:31,239 INFO o.a.j.t.JMeterThread: Thread finished: Teste Comandos 1-271
2021-07-03 21:32:31,288 INFO o.a.j.t.JMeterThread: Thread is done: Teste Comandos 1-186
2021-07-03 21:32:31,288 INFO o.a.j.t.JMeterThread: Thread is done: Teste Comandos 1-44
2021-07-03 21:32:31,288 INFO o.a.j.t.JMeterThread: Thread is done: Teste Comandos 1-180
2021-07-03 21:32:31,288 INFO o.a.j.t.JMeterThread: Thread finished: Teste Comandos 1-186
2021-07-03 21:32:31,288 INFO o.a.j.t.JMeterThread: Thread finished: Teste Comandos 1-44
2021-07-03 21:32:31,288 INFO o.a.j.t.JMeterThread: Thread finished: Teste Comandos 1-180
2021-07-03 21:32:31,290 INFO o.a.j.t.JMeterThread: Thread is done: Teste Comandos 1-184
2021-07-03 21:32:31,290 INFO o.a.j.t.JMeterThread: Thread finished: Teste Comandos 1-184
2021-07-03 21:32:31,315 INFO o.a.j.t.JMeterThread: Thread is done: Teste Comandos 1-277
2021-07-03 21:32:31,315 INFO o.a.j.t.JMeterThread: Thread finished: Teste Comandos 1-277
2021-07-03 21:32:31,378 INFO o.a.j.t.JMeterThread: Thread is done: Teste Comandos 1-196
2021-07-03 21:32:31,379 INFO o.a.j.t.JMeterThread: Thread finished: Teste Comandos 1-196
2021-07-03 21:32:31,393 INFO o.a.j.t.JMeterThread: Thread is done: Teste Comandos 1-268
2021-07-03 21:32:31,394 INFO o.a.j.t.JMeterThread: Thread finished: Teste Comandos 1-268
2021-07-03 21:32:31,394 INFO o.a.j.t.JMeterThread: Thread is done: Teste Comandos 1-214
2021-07-03 21:32:31,394 INFO o.a.j.t.JMeterThread: Thread finished: Teste Comandos 1-214
2021-07-03 21:32:31,425 INFO o.a.j.t.JMeterThread: Thread is done: Teste Comandos 1-143
2021-07-03 21:32:31,425 INFO o.a.j.t.JMeterThread: Thread finished: Teste Comandos 1-143
2021-07-03 21:32:31,439 INFO o.a.j.t.JMeterThread: Thread is done: Teste Comandos 1-256
2021-07-03 21:32:31,439 INFO o.a.j.t.JMeterThread: Thread finished: Teste Comandos 1-256
2021-07-03 21:32:31,455 INFO o.a.j.t.JMeterThread: Thread is done: Teste Comandos 1-94
2021-07-03 21:32:31,456 INFO o.a.j.t.JMeterThread: Thread is done: Teste Comandos 1-208
2021-07-03 21:32:31,456 INFO o.a.j.t.JMeterThread: Thread finished: Teste Comandos 1-94
2021-07-03 21:32:31,456 INFO o.a.j.t.JMeterThread: Thread finished: Teste Comandos 1-208
2021-07-03 21:32:31,487 INFO o.a.j.t.JMeterThread: Thread is done: Teste Comandos 1-88
2021-07-03 21:32:31,487 INFO o.a.j.t.JMeterThread: Thread finished: Teste Comandos 1-88
2021-07-03 21:32:31,517 INFO o.a.j.t.JMeterThread: Thread is done: Teste Comandos 1-274
2021-07-03 21:32:31,517 INFO o.a.j.t.JMeterThread: Thread finished: Teste Comandos 1-274
2021-07-03 21:32:31,532 INFO o.a.j.t.JMeterThread: Thread is done: Teste Comandos 1-291
2021-07-03 21:32:31,532 INFO o.a.j.t.JMeterThread: Thread finished: Teste Comandos 1-291
2021-07-03 21:32:31,579 INFO o.a.j.t.JMeterThread: Thread is done: Teste Comandos 1-206
2021-07-03 21:32:31,579 INFO o.a.j.t.JMeterThread: Thread finished: Teste Comandos 1-206
2021-07-03 21:32:31,594 INFO o.a.j.t.JMeterThread: Thread is done: Teste Comandos 1-128
2021-07-03 21:32:31,594 INFO o.a.j.t.JMeterThread: Thread is done: Teste Comandos 1-60
2021-07-03 21:32:31,594 INFO o.a.j.t.JMeterThread: Thread is done: Teste Comandos 1-1
2021-07-03 21:32:31,594 INFO o.a.j.t.JMeterThread: Thread finished: Teste Comandos 1-128
2021-07-03 21:32:31,594 INFO o.a.j.t.JMeterThread: Thread finished: Teste Comandos 1-60
2021-07-03 21:32:31,594 INFO o.a.j.t.JMeterThread: Thread finished: Teste Comandos 1-1
2021-07-03 21:32:31,610 INFO o.a.j.t.JMeterThread: Thread is done: Teste Comandos 1-27
2021-07-03 21:32:31,610 INFO o.a.j.t.JMeterThread: Thread finished: Teste Comandos 1-27
2021-07-03 21:32:31,658 INFO o.a.j.t.JMeterThread: Thread is done: Teste Comandos 1-276
2021-07-03 21:32:31,658 INFO o.a.j.t.JMeterThread: Thread finished: Teste Comandos 1-276
2021-07-03 21:32:31,735 INFO o.a.j.t.JMeterThread: Thread is done: Teste Comandos 1-98
2021-07-03 21:32:31,735 INFO o.a.j.t.JMeterThread: Thread finished: Teste Comandos 1-98
2021-07-03 21:32:31,752 INFO o.a.j.t.JMeterThread: Thread is done: Teste Comandos 1-259
2021-07-03 21:32:31,752 INFO o.a.j.t.JMeterThread: Thread finished: Teste Comandos 1-259
2021-07-03 21:32:31,766 INFO o.a.j.t.JMeterThread: Thread is done: Teste Comandos 1-30
2021-07-03 21:32:31,766 INFO o.a.j.t.JMeterThread: Thread finished: Teste Comandos 1-30
2021-07-03 21:32:31,767 INFO o.a.j.t.JMeterThread: Thread is done: Teste Comandos 1-227
2021-07-03 21:32:31,767 INFO o.a.j.t.JMeterThread: Thread finished: Teste Comandos 1-227
2021-07-03 21:32:31,828 INFO o.a.j.t.JMeterThread: Thread is done: Teste Comandos 1-14
2021-07-03 21:32:31,828 INFO o.a.j.t.JMeterThread: Thread finished: Teste Comandos 1-14
2021-07-03 21:32:31,844 INFO o.a.j.t.JMeterThread: Thread is done: Teste Comandos 1-138
2021-07-03 21:32:31,844 INFO o.a.j.t.JMeterThread: Thread finished: Teste Comandos 1-138
2021-07-03 21:32:31,874 INFO o.a.j.t.JMeterThread: Thread is done: Teste Comandos 1-90
2021-07-03 21:32:31,874 INFO o.a.j.t.JMeterThread: Thread is done: Teste Comandos 1-238
2021-07-03 21:32:31,875 INFO o.a.j.t.JMeterThread: Thread finished: Teste Comandos 1-90
2021-07-03 21:32:31,875 INFO o.a.j.t.JMeterThread: Thread finished: Teste Comandos 1-238
2021-07-03 21:32:31,904 INFO o.a.j.t.JMeterThread: Thread is done: Teste Comandos 1-235
2021-07-03 21:32:31,904 INFO o.a.j.t.JMeterThread: Thread finished: Teste Comandos 1-235
2021-07-03 21:32:31,966 INFO o.a.j.t.JMeterThread: Thread is done: Teste Comandos 1-89
2021-07-03 21:32:31,966 INFO o.a.j.t.JMeterThread: Thread finished: Teste Comandos 1-89
2021-07-03 21:32:32,013 INFO o.a.j.t.JMeterThread: Thread is done: Teste Comandos 1-183
2021-07-03 21:32:32,013 INFO o.a.j.t.JMeterThread: Thread finished: Teste Comandos 1-183
2021-07-03 21:32:32,126 INFO o.a.j.t.JMeterThread: Thread is done: Teste Comandos 1-228
2021-07-03 21:32:32,126 INFO o.a.j.t.JMeterThread: Thread is done: Teste Comandos 1-124
2021-07-03 21:32:32,127 INFO o.a.j.t.JMeterThread: Thread finished: Teste Comandos 1-228
2021-07-03 21:32:32,127 INFO o.a.j.t.JMeterThread: Thread is done: Teste Comandos 1-62
2021-07-03 21:32:32,127 INFO o.a.j.t.JMeterThread: Thread finished: Teste Comandos 1-62
2021-07-03 21:32:32,127 INFO o.a.j.t.JMeterThread: Thread finished: Teste Comandos 1-124
2021-07-03 21:32:32,143 INFO o.a.j.t.JMeterThread: Thread is done: Teste Comandos 1-49
2021-07-03 21:32:32,143 INFO o.a.j.t.JMeterThread: Thread finished: Teste Comandos 1-49
2021-07-03 21:32:32,177 INFO o.a.j.t.JMeterThread: Thread is done: Teste Comandos 1-190
2021-07-03 21:32:32,177 INFO o.a.j.t.JMeterThread: Thread is done: Teste Comandos 1-16
2021-07-03 21:32:32,177 INFO o.a.j.t.JMeterThread: Thread finished: Teste Comandos 1-190
2021-07-03 21:32:32,177 INFO o.a.j.t.JMeterThread: Thread finished: Teste Comandos 1-16
2021-07-03 21:32:32,181 INFO o.a.j.t.JMeterThread: Thread is done: Teste Comandos 1-251
2021-07-03 21:32:32,181 INFO o.a.j.t.JMeterThread: Thread finished: Teste Comandos 1-251
2021-07-03 21:32:32,223 INFO o.a.j.t.JMeterThread: Thread is done: Teste Comandos 1-224
2021-07-03 21:32:32,223 INFO o.a.j.t.JMeterThread: Thread finished: Teste Comandos 1-224
2021-07-03 21:32:32,238 INFO o.a.j.t.JMeterThread: Thread is done: Teste Comandos 1-231
2021-07-03 21:32:32,239 INFO o.a.j.t.JMeterThread: Thread finished: Teste Comandos 1-231
2021-07-03 21:32:32,284 INFO o.a.j.t.JMeterThread: Thread is done: Teste Comandos 1-272
2021-07-03 21:32:32,284 INFO o.a.j.t.JMeterThread: Thread is done: Teste Comandos 1-103
2021-07-03 21:32:32,284 INFO o.a.j.t.JMeterThread: Thread finished: Teste Comandos 1-272
2021-07-03 21:32:32,284 INFO o.a.j.t.JMeterThread: Thread finished: Teste Comandos 1-103
2021-07-03 21:32:32,300 INFO o.a.j.t.JMeterThread: Thread is done: Teste Comandos 1-232
2021-07-03 21:32:32,300 INFO o.a.j.t.JMeterThread: Thread finished: Teste Comandos 1-232
2021-07-03 21:32:32,315 INFO o.a.j.t.JMeterThread: Thread is done: Teste Comandos 1-122
2021-07-03 21:32:32,315 INFO o.a.j.t.JMeterThread: Thread finished: Teste Comandos 1-122
2021-07-03 21:32:32,346 INFO o.a.j.t.JMeterThread: Thread is done: Teste Comandos 1-174
2021-07-03 21:32:32,346 INFO o.a.j.t.JMeterThread: Thread finished: Teste Comandos 1-174
2021-07-03 21:32:32,369 INFO o.a.j.t.JMeterThread: Thread is done: Teste Comandos 1-96
2021-07-03 21:32:32,369 INFO o.a.j.t.JMeterThread: Thread finished: Teste Comandos 1-96
2021-07-03 21:32:32,400 INFO o.a.j.t.JMeterThread: Thread is done: Teste Comandos 1-31
2021-07-03 21:32:32,400 INFO o.a.j.t.JMeterThread: Thread finished: Teste Comandos 1-31
2021-07-03 21:32:32,577 INFO o.a.j.t.JMeterThread: Thread is done: Teste Comandos 1-295
2021-07-03 21:32:32,578 INFO o.a.j.t.JMeterThread: Thread finished: Teste Comandos 1-295
2021-07-03 21:32:32,673 INFO o.a.j.t.JMeterThread: Thread is done: Teste Comandos 1-17
2021-07-03 21:32:32,673 INFO o.a.j.t.JMeterThread: Thread finished: Teste Comandos 1-17
2021-07-03 21:32:33,572 INFO o.a.j.t.JMeterThread: Thread is done: Teste Comandos 1-162
2021-07-03 21:32:33,572 INFO o.a.j.t.JMeterThread: Thread finished: Teste Comandos 1-162
2021-07-03 21:32:34,661 INFO o.a.j.t.JMeterThread: Thread is done: Teste Comandos 1-169
2021-07-03 21:32:34,661 INFO o.a.j.t.JMeterThread: Thread finished: Teste Comandos 1-169
2021-07-03 21:32:35,815 INFO o.a.j.t.JMeterThread: Thread is done: Teste Comandos 1-48
2021-07-03 21:32:35,815 INFO o.a.j.t.JMeterThread: Thread finished: Teste Comandos 1-48
2021-07-03 21:32:38,660 INFO o.a.j.t.JMeterThread: Thread is done: Teste Comandos 1-223
2021-07-03 21:32:38,660 INFO o.a.j.t.JMeterThread: Thread finished: Teste Comandos 1-223
2021-07-03 21:32:41,225 INFO o.a.j.t.JMeterThread: Thread is done: Teste Comandos 1-46
2021-07-03 21:32:41,225 INFO o.a.j.t.JMeterThread: Thread finished: Teste Comandos 1-46
2021-07-03 21:32:41,937 INFO o.a.j.t.JMeterThread: Thread is done: Teste Comandos 1-107
2021-07-03 21:32:41,937 INFO o.a.j.t.JMeterThread: Thread finished: Teste Comandos 1-107
2021-07-03 21:32:45,791 INFO o.a.j.t.JMeterThread: Thread is done: Teste Comandos 1-165
2021-07-03 21:32:45,792 INFO o.a.j.t.JMeterThread: Thread finished: Teste Comandos 1-165
2021-07-03 21:32:47,207 INFO o.a.j.t.JMeterThread: Thread is done: Teste Comandos 1-29
2021-07-03 21:32:47,207 INFO o.a.j.t.JMeterThread: Thread finished: Teste Comandos 1-29
2021-07-03 21:32:49,979 INFO o.a.j.t.JMeterThread: Thread is done: Teste Comandos 1-146
2021-07-03 21:32:49,979 INFO o.a.j.t.JMeterThread: Thread finished: Teste Comandos 1-146
2021-07-03 21:32:52,635 INFO o.a.j.t.JMeterThread: Thread is done: Teste Comandos 1-148
2021-07-03 21:32:52,635 INFO o.a.j.t.JMeterThread: Thread finished: Teste Comandos 1-148
2021-07-03 21:32:52,808 INFO o.a.j.t.JMeterThread: Thread is done: Teste Comandos 1-133
2021-07-03 21:32:52,808 INFO o.a.j.t.JMeterThread: Thread finished: Teste Comandos 1-133
2021-07-03 21:32:53,734 INFO o.a.j.t.JMeterThread: Thread is done: Teste Comandos 1-37
2021-07-03 21:32:53,734 INFO o.a.j.t.JMeterThread: Thread finished: Teste Comandos 1-37
2021-07-03 21:32:54,095 INFO o.a.j.t.JMeterThread: Thread is done: Teste Comandos 1-267
2021-07-03 21:32:54,095 INFO o.a.j.t.JMeterThread: Thread finished: Teste Comandos 1-267
2021-07-03 21:32:54,833 INFO o.a.j.t.JMeterThread: Thread is done: Teste Comandos 1-11
2021-07-03 21:32:54,833 INFO o.a.j.t.JMeterThread: Thread finished: Teste Comandos 1-11
2021-07-03 21:32:55,363 INFO o.a.j.t.JMeterThread: Thread is done: Teste Comandos 1-127
2021-07-03 21:32:55,363 INFO o.a.j.t.JMeterThread: Thread finished: Teste Comandos 1-127
2021-07-03 21:32:57,123 INFO o.a.j.t.JMeterThread: Thread is done: Teste Comandos 1-35
2021-07-03 21:32:57,123 INFO o.a.j.t.JMeterThread: Thread finished: Teste Comandos 1-35
2021-07-03 21:33:00,517 INFO o.a.j.r.Summariser: summary +    101 in 00:00:30 =    3.4/s Avg: 21648 Min:  2184 Max: 59955 Err:    91 (90.10%) Active: 5 Started: 300 Finished: 295
2021-07-03 21:33:00,517 INFO o.a.j.r.Summariser: summary =    895 in 00:01:10 =   12.8/s Avg:  8341 Min:   222 Max: 59955 Err:    91 (10.17%)
2021-07-03 21:33:00,517 INFO o.a.j.t.JMeterThread: Thread is done: Teste Comandos 1-120
2021-07-03 21:33:00,517 INFO o.a.j.t.JMeterThread: Thread finished: Teste Comandos 1-120
2021-07-03 21:33:00,657 INFO o.a.j.t.JMeterThread: Thread is done: Teste Comandos 1-215
2021-07-03 21:33:00,657 INFO o.a.j.t.JMeterThread: Thread finished: Teste Comandos 1-215
2021-07-03 21:33:00,877 INFO o.a.j.t.JMeterThread: Thread is done: Teste Comandos 1-85
2021-07-03 21:33:00,877 INFO o.a.j.t.JMeterThread: Thread finished: Teste Comandos 1-85
2021-07-03 21:33:07,937 INFO o.a.j.t.JMeterThread: Thread is done: Teste Comandos 1-173
2021-07-03 21:33:07,937 INFO o.a.j.t.JMeterThread: Thread finished: Teste Comandos 1-173
2021-07-03 21:33:09,011 INFO o.a.j.t.JMeterThread: Thread is done: Teste Comandos 1-8
2021-07-03 21:33:09,011 INFO o.a.j.t.JMeterThread: Thread finished: Teste Comandos 1-8
2021-07-03 21:33:09,011 INFO o.a.j.e.StandardJMeterEngine: Notifying test listeners of end of test
2021-07-03 21:33:09,012 INFO o.a.j.r.Summariser: summary +      5 in 00:00:08 =    0.6/s Avg: 13667 Min:   157 Max: 28082 Err:     2 (40.00%) Active: 0 Started: 300 Finished: 300
2021-07-03 21:33:09,014 INFO o.a.j.r.Summariser: summary =    900 in 00:01:18 =   11.5/s Avg:  8371 Min:   157 Max: 59955 Err:    93 (10.33%)
2021-07-03 21:33:09,016 INFO o.a.j.JMeter: Generating Dashboard
2021-07-03 21:33:09,016 INFO o.a.j.r.d.ReportGenerator: Flushing result collector before report Generation
2021-07-03 21:33:09,050 INFO o.a.j.r.p.NormalizerSampleConsumer: Using format, 'ms', to parse timeStamp field
2021-07-03 21:33:09,312 INFO o.a.j.r.p.AbstractSampleConsumer: class org.apache.jmeter.report.processor.AggregateConsumer#stopProducing(): beginDate produced 0 samples
2021-07-03 21:33:09,312 INFO o.a.j.r.p.AbstractSampleConsumer: class org.apache.jmeter.report.processor.AggregateConsumer#stopProducing(): endDate produced 0 samples
2021-07-03 21:33:09,314 INFO o.a.j.r.p.AbstractSampleConsumer: class org.apache.jmeter.report.processor.ApdexSummaryConsumer#stopProducing(): apdexSummary produced 0 samples
2021-07-03 21:33:09,314 INFO o.a.j.r.p.AbstractSampleConsumer: class org.apache.jmeter.report.processor.RequestsSummaryConsumer#stopProducing(): requestsSummary produced 0 samples
2021-07-03 21:33:09,319 INFO o.a.j.r.p.AbstractSampleConsumer: class org.apache.jmeter.report.processor.StatisticsSummaryConsumer#stopProducing(): statisticsSummary produced 0 samples
2021-07-03 21:33:09,323 INFO o.a.j.r.p.AbstractSampleConsumer: class org.apache.jmeter.report.processor.Top5ErrorsBySamplerConsumer#stopProducing(): top5ErrorsBySampler produced 0 samples
2021-07-03 21:33:09,323 INFO o.a.j.r.p.AbstractSampleConsumer: class org.apache.jmeter.report.processor.ErrorsSummaryConsumer#stopProducing(): errorsSummary produced 0 samples
2021-07-03 21:33:09,323 INFO o.a.j.r.p.AbstractSampleConsumer: class org.apache.jmeter.report.processor.graph.impl.HitsPerSecondGraphConsumer#stopProducing(): hitsPerSecond produced 0 samples
2021-07-03 21:33:09,367 INFO o.a.j.r.p.AbstractSampleConsumer: class org.apache.jmeter.report.processor.graph.impl.LatencyVSRequestGraphConsumer#stopProducing(): latencyVsRequest produced 0 samples
2021-07-03 21:33:09,367 INFO o.a.j.r.p.AbstractSampleConsumer: class org.apache.jmeter.report.processor.graph.impl.SyntheticResponseTimeDistributionGraphConsumer#stopProducing(): syntheticResponseTimeDistribution produced 0 samples
2021-07-03 21:33:09,367 INFO o.a.j.r.p.AbstractSampleConsumer: class org.apache.jmeter.report.processor.graph.impl.BytesThroughputGraphConsumer#stopProducing(): bytesThroughputOverTime produced 0 samples
2021-07-03 21:33:09,367 INFO o.a.j.r.p.AbstractSampleConsumer: class org.apache.jmeter.report.processor.graph.impl.CodesPerSecondGraphConsumer#stopProducing(): codesPerSecond produced 0 samples
2021-07-03 21:33:09,457 INFO o.a.j.r.p.AbstractSampleConsumer: class org.apache.jmeter.report.processor.graph.impl.ResponseTimeVSRequestGraphConsumer#stopProducing(): responseTimeVsRequest produced 0 samples
2021-07-03 21:33:09,457 INFO o.a.j.r.p.AbstractSampleConsumer: class org.apache.jmeter.report.processor.FilterConsumer#stopProducing(): startIntervalControlerFilter produced 21329 samples
2021-07-03 21:33:09,457 INFO o.a.j.r.p.AbstractSampleConsumer: class org.apache.jmeter.report.processor.graph.impl.TotalTPSGraphConsumer#stopProducing(): totalTPS produced 0 samples
2021-07-03 21:33:09,457 INFO o.a.j.r.p.AbstractSampleConsumer: class org.apache.jmeter.report.processor.graph.impl.ActiveThreadsGraphConsumer#stopProducing(): activeThreadsOverTime produced 0 samples
2021-07-03 21:33:09,457 INFO o.a.j.r.p.AbstractSampleConsumer: class org.apache.jmeter.report.processor.graph.impl.TimeVSThreadGraphConsumer#stopProducing(): timeVsThreads produced 0 samples
2021-07-03 21:33:09,457 INFO o.a.j.r.p.AbstractSampleConsumer: class org.apache.jmeter.report.processor.graph.impl.ResponseTimeDistributionGraphConsumer#stopProducing(): responseTimeDistribution produced 0 samples
2021-07-03 21:33:09,457 INFO o.a.j.r.p.AbstractSampleConsumer: class org.apache.jmeter.report.processor.graph.impl.TransactionsPerSecondGraphConsumer#stopProducing(): transactionsPerSecond produced 0 samples
2021-07-03 21:33:09,457 INFO o.a.j.r.p.AbstractSampleConsumer: class org.apache.jmeter.report.processor.graph.impl.ResponseTimePercentilesGraphConsumer#stopProducing(): responseTimePercentiles produced 0 samples
2021-07-03 21:33:09,462 INFO o.a.j.r.p.AbstractSampleConsumer: class org.apache.jmeter.report.processor.graph.impl.ResponseTimePercentilesOverTimeGraphConsumer#stopProducing(): responseTimePercentilesOverTime produced 0 samples
2021-07-03 21:33:09,462 INFO o.a.j.r.p.AbstractSampleConsumer: class org.apache.jmeter.report.processor.graph.impl.ResponseTimeOverTimeGraphConsumer#stopProducing(): responseTimesOverTime produced 0 samples
2021-07-03 21:33:09,462 INFO o.a.j.r.p.AbstractSampleConsumer: class org.apache.jmeter.report.processor.graph.impl.ConnectTimeOverTimeGraphConsumer#stopProducing(): connectTimeOverTime produced 0 samples
2021-07-03 21:33:09,462 INFO o.a.j.r.p.AbstractSampleConsumer: class org.apache.jmeter.report.processor.graph.impl.LatencyOverTimeGraphConsumer#stopProducing(): latenciesOverTime produced 0 samples
2021-07-03 21:33:09,462 INFO o.a.j.r.p.AbstractSampleConsumer: class org.apache.jmeter.report.processor.FilterConsumer#stopProducing(): nameFilter produced 45705 samples
2021-07-03 21:33:09,462 INFO o.a.j.r.p.AbstractSampleConsumer: class org.apache.jmeter.report.processor.FilterConsumer#stopProducing(): dateRangeFilter produced 9141 samples
2021-07-03 21:33:09,462 INFO o.a.j.r.p.AbstractSampleConsumer: class org.apache.jmeter.report.processor.NormalizerSampleConsumer#stopProducing(): normalizer produced 3047 samples
2021-07-03 21:33:09,462 INFO o.a.j.r.p.CsvFileSampleSource: produce(): 3047 samples produced in 375ms on channel 0
2021-07-03 21:33:09,462 INFO o.a.j.r.d.ReportGenerator: Exporting data using exporter:'json' of className:'org.apache.jmeter.report.dashboard.JsonExporter'
2021-07-03 21:33:09,587 INFO o.a.j.r.d.JsonExporter: Found data for consumer statisticsSummaryin context
2021-07-03 21:33:09,587 INFO o.a.j.r.d.JsonExporter: Creating statistics for overall
2021-07-03 21:33:09,587 INFO o.a.j.r.d.JsonExporter: Creating statistics for other transactions
2021-07-03 21:33:09,587 INFO o.a.j.r.d.JsonExporter: Checking output folder
2021-07-03 21:33:09,587 INFO o.a.j.r.d.JsonExporter: Writing statistics JSON to C:\Jmeter\aulas de comandos\nossaDash\statistics.json
2021-07-03 21:33:09,627 INFO o.a.j.r.d.ReportGenerator: Exporting data using exporter:'html' of className:'org.apache.jmeter.report.dashboard.HtmlTemplateExporter'
2021-07-03 21:33:09,627 INFO o.a.j.r.d.HtmlTemplateExporter: Will generate dashboard in folder: C:\Jmeter\aulas de comandos\nossaDash
2021-07-03 21:33:09,732 INFO o.a.j.r.d.HtmlTemplateExporter: Report will be generated in: C:\Jmeter\aulas de comandos\nossaDash, creating folder structure
2021-07-03 21:33:09,732 INFO o.a.j.r.d.TemplateVisitor: Copying folder from 'C:\Jmeter\bin\report-template' to 'C:\Jmeter\aulas de comandos\nossaDash', got message: C:\Jmeter\aulas de comandos\nossaDash, found non empty folder with following content [C:\Jmeter\aulas de comandos\nossaDash\statistics.json], will be ignored
2021-07-03 21:33:10,719 INFO o.a.j.JMeter: Dashboard generated
